<?xml version="1.0" encoding="utf-8"?><testsuites name="pytest tests"><testsuite name="pytest" errors="0" failures="0" skipped="0" tests="6" time="4.139" timestamp="2026-04-10T15:00:44.041277+00:00" hostname="agent-env-67babe8f-cd97-42b3-a086-a602f3f2bcaf"><testcase classname="backend.tests.test_ottimizzazione_redesign.TestOttimizzazioneEndpoint" name="test_ottimizzazione_endpoint_success" time="0.856" /><testcase classname="backend.tests.test_ottimizzazione_redesign.TestOttimizzazioneEndpoint" name="test_ottimizzazione_kpi_structure" time="0.785" /><testcase classname="backend.tests.test_ottimizzazione_redesign.TestOttimizzazioneEndpoint" name="test_ottimizzazione_invalid_partner_404" time="0.374" /><testcase classname="backend.tests.test_ottimizzazione_redesign.TestOttimizzazioneEndpoint" name="test_ottimizzazione_partnership_data" time="0.715" /><testcase classname="backend.tests.test_ottimizzazione_redesign.TestOttimizzazioneEndpoint" name="test_ottimizzazione_caso_studio_data" time="0.682" /><testcase classname="backend.tests.test_ottimizzazione_redesign.TestKPIZeroState" name="test_kpi_zero_returns_valid_structure" time="0.671" /></testsuite></testsuites>