<?xml version="1.0" encoding="utf-8"?><testsuites name="pytest tests"><testsuite name="pytest" errors="0" failures="0" skipped="0" tests="13" time="12.029" timestamp="2026-04-10T23:14:35.192850+00:00" hostname="agent-env-67babe8f-cd97-42b3-a086-a602f3f2bcaf"><testcase classname="backend.tests.test_stripe_webhook_tracking.TestStripeWebhook" name="test_webhook_invalid_payload_returns_200" time="8.580" /><testcase classname="backend.tests.test_stripe_webhook_tracking.TestStripeWebhook" name="test_webhook_empty_body_returns_200" time="0.161" /><testcase classname="backend.tests.test_stripe_webhook_tracking.TestStripeWebhook" name="test_webhook_malformed_json_returns_200" time="0.103" /><testcase classname="backend.tests.test_stripe_webhook_tracking.TestTrackingConfigPublic" name="test_get_tracking_config_returns_200" time="0.239" /><testcase classname="backend.tests.test_stripe_webhook_tracking.TestTrackingConfigPublic" name="test_tracking_config_returns_string_values" time="0.228" /><testcase classname="backend.tests.test_stripe_webhook_tracking.TestTrackingConfigAdmin" name="test_get_admin_tracking_config_returns_200" time="0.256" /><testcase classname="backend.tests.test_stripe_webhook_tracking.TestTrackingConfigAdmin" name="test_admin_tracking_config_has_enabled_flags" time="0.237" /><testcase classname="backend.tests.test_stripe_webhook_tracking.TestTrackingConfigAdmin" name="test_patch_tracking_config_saves_values" time="0.471" /><testcase classname="backend.tests.test_stripe_webhook_tracking.TestTrackingConfigAdmin" name="test_patch_tracking_config_partial_update" time="0.216" /><testcase classname="backend.tests.test_stripe_webhook_tracking.TestTrackingConfigAdmin" name="test_public_config_reflects_admin_changes" time="0.452" /><testcase classname="backend.tests.test_stripe_webhook_tracking.TestCheckoutRegression" name="test_checkout_endpoint_exists_returns_404_without_user" time="0.120" /><testcase classname="backend.tests.test_stripe_webhook_tracking.TestCheckoutRegression" name="test_checkout_with_valid_user_id" time="0.786" /><testcase classname="backend.tests.test_stripe_webhook_tracking.TestHealthAndBasics" name="test_api_health" time="0.107" /></testsuite></testsuites>