<?xml version="1.0" encoding="utf-8"?><testsuites name="pytest tests"><testsuite name="pytest" errors="0" failures="0" skipped="0" tests="15" time="27.539" timestamp="2026-04-09T22:10:21.261862+00:00" hostname="agent-env-67babe8f-cd97-42b3-a086-a602f3f2bcaf"><testcase classname="backend.tests.test_videocorso_masterclass_materials.TestMasterclassPDFMaterials" name="test_template_script_pdf_returns_200" time="6.358" /><testcase classname="backend.tests.test_videocorso_masterclass_materials.TestMasterclassPDFMaterials" name="test_struttura_tipo_pdf_returns_200" time="0.142" /><testcase classname="backend.tests.test_videocorso_masterclass_materials.TestMasterclassPDFMaterials" name="test_consigli_registrazione_pdf_returns_200" time="0.131" /><testcase classname="backend.tests.test_videocorso_masterclass_materials.TestMasterclassPDFMaterials" name="test_invalid_material_returns_404" time="0.111" /><testcase classname="backend.tests.test_videocorso_masterclass_materials.TestVideocorsoGetEndpoint" name="test_get_videocorso_returns_expected_fields" time="0.601" /><testcase classname="backend.tests.test_videocorso_masterclass_materials.TestVideocorsoGetEndpoint" name="test_get_videocorso_inputs_structure" time="0.460" /><testcase classname="backend.tests.test_videocorso_masterclass_materials.TestVideocorsoGetEndpoint" name="test_get_videocorso_course_data_structure" time="0.463" /><testcase classname="backend.tests.test_videocorso_masterclass_materials.TestVideocorsoGetEndpoint" name="test_get_videocorso_invalid_partner_returns_404" time="0.231" /><testcase classname="backend.tests.test_videocorso_masterclass_materials.TestVideocorsoSaveInputs" name="test_save_inputs_success" time="0.840" /><testcase classname="backend.tests.test_videocorso_masterclass_materials.TestVideocorsoSaveInputs" name="test_save_inputs_all_durata_options" time="2.445" /><testcase classname="backend.tests.test_videocorso_masterclass_materials.TestVideocorsoGenerateCourse" name="test_generate_course_returns_course_data" time="13.041" /><testcase classname="backend.tests.test_videocorso_masterclass_materials.TestVideocorsoApproveCourse" name="test_approve_course_marks_complete" time="1.727" /><testcase classname="backend.tests.test_videocorso_masterclass_materials.TestVideocorsoApproveCourse" name="test_approve_course_without_course_data_fails" time="0.354" /><testcase classname="backend.tests.test_videocorso_masterclass_materials.TestMasterclassFactoryEndpoints" name="test_get_masterclass_factory_data" time="0.212" /><testcase classname="backend.tests.test_videocorso_masterclass_materials.TestPosizionamentoDataForVideocorso" name="test_posizionamento_has_positioning_output" time="0.342" /></testsuite></testsuites>