<?xml version="1.0" encoding="utf-8"?><testsuites name="pytest tests"><testsuite name="pytest" errors="0" failures="0" skipped="0" tests="13" time="32.865" timestamp="2026-04-09T21:51:24.843993+00:00" hostname="agent-env-67babe8f-cd97-42b3-a086-a602f3f2bcaf"><testcase classname="backend.tests.test_ai_driven_posizionamento_masterclass.TestPosizionamentoEndpoints" name="test_save_posizionamento_inputs" time="8.647" /><testcase classname="backend.tests.test_ai_driven_posizionamento_masterclass.TestPosizionamentoEndpoints" name="test_get_posizionamento_returns_inputs" time="0.360" /><testcase classname="backend.tests.test_ai_driven_posizionamento_masterclass.TestPosizionamentoEndpoints" name="test_generate_positioning_returns_6_sections" time="6.517" /><testcase classname="backend.tests.test_ai_driven_posizionamento_masterclass.TestPosizionamentoEndpoints" name="test_approve_positioning_marks_complete" time="1.630" /><testcase classname="backend.tests.test_ai_driven_posizionamento_masterclass.TestPosizionamentoEndpoints" name="test_get_posizionamento_returns_positioning_output" time="0.354" /><testcase classname="backend.tests.test_ai_driven_posizionamento_masterclass.TestMasterclassEndpoints" name="test_save_masterclass_answers" time="0.281" /><testcase classname="backend.tests.test_ai_driven_posizionamento_masterclass.TestMasterclassEndpoints" name="test_get_masterclass_returns_answers" time="0.540" /><testcase classname="backend.tests.test_ai_driven_posizionamento_masterclass.TestMasterclassEndpoints" name="test_generate_script_returns_7_sections" time="12.651" /><testcase classname="backend.tests.test_ai_driven_posizionamento_masterclass.TestMasterclassEndpoints" name="test_approve_script_works" time="0.623" /><testcase classname="backend.tests.test_ai_driven_posizionamento_masterclass.TestInputValidation" name="test_generate_positioning_without_inputs_fails" time="0.268" /><testcase classname="backend.tests.test_ai_driven_posizionamento_masterclass.TestInputValidation" name="test_approve_positioning_without_output_fails" time="0.248" /><testcase classname="backend.tests.test_ai_driven_posizionamento_masterclass.TestAdminAccess" name="test_admin_can_view_posizionamento" time="0.453" /><testcase classname="backend.tests.test_ai_driven_posizionamento_masterclass.TestAdminAccess" name="test_admin_can_view_masterclass" time="0.212" /></testsuite></testsuites>