<?xml version="1.0" encoding="utf-8"?><testsuites name="pytest tests"><testsuite name="pytest" errors="0" failures="0" skipped="0" tests="18" time="7.590" timestamp="2026-03-13T17:58:39.271290+00:00" hostname="agent-env-2aefe7b2-08c0-4076-9053-344703e17086"><testcase classname="backend.tests.test_analisi_consulenziale.TestAnalisiConsulenzialeStato" name="test_get_stato_success" time="0.449" /><testcase classname="backend.tests.test_analisi_consulenziale.TestAnalisiConsulenzialeStato" name="test_get_stato_not_found" time="0.257" /><testcase classname="backend.tests.test_analisi_consulenziale.TestAnalisiPreliminare" name="test_genera_preliminare_success" time="0.534" /><testcase classname="backend.tests.test_analisi_consulenziale.TestAnalisiPreliminare" name="test_genera_preliminare_not_found" time="0.273" /><testcase classname="backend.tests.test_analisi_consulenziale.TestScriptCall" name="test_genera_script_call_success" time="0.495" /><testcase classname="backend.tests.test_analisi_consulenziale.TestScriptCall" name="test_genera_script_call_not_found" time="0.248" /><testcase classname="backend.tests.test_analisi_consulenziale.TestAnalisiFinale" name="test_genera_finale_success" time="0.603" /><testcase classname="backend.tests.test_analisi_consulenziale.TestAnalisiFinale" name="test_genera_finale_not_found" time="0.265" /><testcase classname="backend.tests.test_analisi_consulenziale.TestModificaFinale" name="test_modifica_sezione_success" time="0.347" /><testcase classname="backend.tests.test_analisi_consulenziale.TestModificaFinale" name="test_modifica_sezione_invalid" time="0.262" /><testcase classname="backend.tests.test_analisi_consulenziale.TestModificaFinale" name="test_modifica_not_found" time="0.234" /><testcase classname="backend.tests.test_analisi_consulenziale.TestApprovaInvia" name="test_approva_invia_success" time="1.141" /><testcase classname="backend.tests.test_analisi_consulenziale.TestApprovaInvia" name="test_approva_invia_not_found" time="0.253" /><testcase classname="backend.tests.test_analisi_consulenziale.TestScriptCallPDF" name="test_download_script_pdf_success" time="0.511" /><testcase classname="backend.tests.test_analisi_consulenziale.TestScriptCallPDF" name="test_download_script_pdf_not_found" time="0.275" /><testcase classname="backend.tests.test_analisi_consulenziale.TestAnalisiFinalePDF" name="test_download_analisi_pdf_success" time="0.622" /><testcase classname="backend.tests.test_analisi_consulenziale.TestAnalisiFinalePDF" name="test_download_analisi_pdf_not_found" time="0.347" /><testcase classname="backend.tests.test_analisi_consulenziale.TestWorkflowIntegration" name="test_verify_complete_workflow_state" time="0.377" /></testsuite></testsuites>