<?xml version="1.0" encoding="utf-8"?><testsuites name="pytest tests"><testsuite name="pytest" errors="0" failures="1" skipped="0" tests="15" time="8.411" timestamp="2026-02-17T18:16:12.478683+00:00" hostname="agent-env-58dc3fac-8a00-43dd-a082-9b8163932721"><testcase classname="backend.tests.test_onboarding_documents.TestOnboardingDocumentsAPI" name="test_01_get_onboarding_documents_empty" time="0.406" /><testcase classname="backend.tests.test_onboarding_documents.TestOnboardingDocumentsAPI" name="test_02_get_onboarding_documents_invalid_partner" time="0.255" /><testcase classname="backend.tests.test_onboarding_documents.TestOnboardingDocumentsAPI" name="test_03_upload_document_contratto" time="0.411" /><testcase classname="backend.tests.test_onboarding_documents.TestOnboardingDocumentsAPI" name="test_04_upload_document_documenti_personali" time="0.387"><failure message="assert 400 == 200&#10; +  where 400 = &lt;Response [400]&gt;.status_code">backend/tests/test_onboarding_documents.py:113: in test_04_upload_document_documenti_personali
    assert response.status_code == 200
E   assert 400 == 200
E    +  where 400 = &lt;Response [400]&gt;.status_code</failure></testcase><testcase classname="backend.tests.test_onboarding_documents.TestOnboardingDocumentsAPI" name="test_05_upload_document_distinta" time="0.861" /><testcase classname="backend.tests.test_onboarding_documents.TestOnboardingDocumentsAPI" name="test_06_get_onboarding_documents_after_upload" time="0.401" /><testcase classname="backend.tests.test_onboarding_documents.TestOnboardingDocumentsAPI" name="test_07_upload_duplicate_document_fails" time="0.848" /><testcase classname="backend.tests.test_onboarding_documents.TestOnboardingDocumentsAPI" name="test_08_upload_invalid_document_type" time="0.268" /><testcase classname="backend.tests.test_onboarding_documents.TestOnboardingDocumentsAPI" name="test_09_get_admin_pending_documents" time="0.523" /><testcase classname="backend.tests.test_onboarding_documents.TestOnboardingDocumentsAPI" name="test_10_verify_document" time="0.861" /><testcase classname="backend.tests.test_onboarding_documents.TestOnboardingDocumentsAPI" name="test_11_delete_non_verified_document" time="0.890" /><testcase classname="backend.tests.test_onboarding_documents.TestOnboardingDocumentsAPI" name="test_12_delete_verified_document_fails" time="0.644" /><testcase classname="backend.tests.test_onboarding_documents.TestPartnerF0Exists" name="test_partner_exists" time="0.283" /><testcase classname="backend.tests.test_onboarding_documents.TestAuthEndpoints" name="test_admin_login" time="0.633" /><testcase classname="backend.tests.test_onboarding_documents.TestAuthEndpoints" name="test_partner_login" time="0.644" /></testsuite></testsuites>