<?xml version="1.0" encoding="utf-8"?><testsuites name="pytest tests"><testsuite name="pytest" errors="0" failures="0" skipped="0" tests="10" time="14.310" timestamp="2026-04-10T16:24:20.487797+00:00" hostname="agent-env-67babe8f-cd97-42b3-a086-a602f3f2bcaf"><testcase classname="backend.tests.test_dashboard_operativa.TestDashboardOperativa" name="test_dashboard_operativa_returns_success" time="9.936" /><testcase classname="backend.tests.test_dashboard_operativa.TestDashboardOperativa" name="test_dashboard_operativa_has_summary" time="0.501" /><testcase classname="backend.tests.test_dashboard_operativa.TestDashboardOperativa" name="test_dashboard_operativa_has_partners_list" time="0.509" /><testcase classname="backend.tests.test_dashboard_operativa.TestDashboardOperativa" name="test_partner_has_required_fields" time="0.517" /><testcase classname="backend.tests.test_dashboard_operativa.TestDashboardOperativa" name="test_partner_risk_values_are_valid" time="0.454" /><testcase classname="backend.tests.test_dashboard_operativa.TestDashboardOperativa" name="test_partner_execution_level_values_are_valid" time="0.499" /><testcase classname="backend.tests.test_dashboard_operativa.TestDashboardOperativa" name="test_partners_sorted_by_risk" time="0.451" /><testcase classname="backend.tests.test_dashboard_operativa.TestDashboardOperativa" name="test_percorso_veloce_badge_present" time="0.459" /><testcase classname="backend.tests.test_dashboard_operativa.TestDashboardOperativa" name="test_phase_label_matches_phase" time="0.445" /><testcase classname="backend.tests.test_dashboard_operativa.TestDashboardOperativa" name="test_suggested_action_not_empty" time="0.463" /></testsuite></testsuites>