<?xml version="1.0" encoding="utf-8"?><testsuites name="pytest tests"><testsuite name="pytest" errors="0" failures="0" skipped="0" tests="16" time="8.033" timestamp="2026-03-16T11:32:58.382490+00:00" hostname="agent-env-7c5f3195-c63c-4f12-9521-24031d060ae4"><testcase classname="tests.test_operations.TestOperationsAuth" name="test_antonella_login_success" time="0.701" /><testcase classname="tests.test_operations.TestOperationsAuth" name="test_claudio_login_success" time="0.602" /><testcase classname="tests.test_operations.TestOperationsStats" name="test_get_stats_success" time="0.459" /><testcase classname="tests.test_operations.TestOperationsPartners" name="test_get_partners_success" time="0.234" /><testcase classname="tests.test_operations.TestOperationsContenuti" name="test_get_contenuti_nonexistent_partner" time="0.570" /><testcase classname="tests.test_operations.TestOperationsCampagneADV" name="test_get_campagne_empty" time="0.290" /><testcase classname="tests.test_operations.TestOperationsCampagneADV" name="test_create_campagna_success" time="0.515" /><testcase classname="tests.test_operations.TestOperationsCampagneADV" name="test_create_and_get_campagna" time="0.697" /><testcase classname="tests.test_operations.TestOperationsCampagneADV" name="test_update_campagna_success" time="0.799" /><testcase classname="tests.test_operations.TestOperationsCampagneADV" name="test_update_nonexistent_campagna" time="0.241" /><testcase classname="tests.test_operations.TestOperationsCampagneADV" name="test_delete_campagna_success" time="0.780" /><testcase classname="tests.test_operations.TestOperationsCampagneADV" name="test_delete_nonexistent_campagna" time="0.222" /><testcase classname="tests.test_operations.TestOperationsAggregati" name="test_campagne_with_aggregati" time="1.174" /><testcase classname="tests.test_operations.TestOperationsContenutiFull" name="test_add_commento_success" time="0.222" /><testcase classname="tests.test_operations.TestOperationsContenutiFull" name="test_update_calendar_success" time="0.240" /><testcase classname="tests.test_operations.TestOperationsPartnerNotes" name="test_update_partner_note" time="0.228" /></testsuite></testsuites>