<?xml version="1.0" encoding="utf-8"?><testsuites name="pytest tests"><testsuite name="pytest" errors="0" failures="1" skipped="0" tests="9" time="10.328" timestamp="2026-04-09T07:06:45.995954+00:00" hostname="agent-env-67babe8f-cd97-42b3-a086-a602f3f2bcaf"><testcase classname="backend.tests.test_step4_conferma_onboarding.TestCallPrenotataEndpoint" name="test_call_prenotata_requires_auth" time="4.602" /><testcase classname="backend.tests.test_step4_conferma_onboarding.TestCallPrenotataEndpoint" name="test_call_prenotata_success" time="0.909" /><testcase classname="backend.tests.test_step4_conferma_onboarding.TestCallPrenotataEndpoint" name="test_call_prenotata_updates_state" time="1.183"><failure message="AssertionError: Expected stato_cliente=CALL_PRENOTATA, got IN_ATTESA_PAGAMENTO_ANALISI&#10;assert 'IN_ATTESA_PAGAMENTO_ANALISI' == 'CALL_PRENOTATA'&#10;  &#10;  - CALL_PRENOTATA&#10;  + IN_ATTESA_PAGAMENTO_ANALISI">backend/tests/test_step4_conferma_onboarding.py:119: in test_call_prenotata_updates_state
    assert state_data.get("stato_cliente") == "CALL_PRENOTATA", \
E   AssertionError: Expected stato_cliente=CALL_PRENOTATA, got IN_ATTESA_PAGAMENTO_ANALISI
E   assert 'IN_ATTESA_PAGAMENTO_ANALISI' == 'CALL_PRENOTATA'
E     
E     - CALL_PRENOTATA
E     + IN_ATTESA_PAGAMENTO_ANALISI</failure></testcase><testcase classname="backend.tests.test_step4_conferma_onboarding.TestCallPrenotataEndpoint" name="test_call_prenotata_with_different_time_slots" time="1.990" /><testcase classname="backend.tests.test_step4_conferma_onboarding.TestStatoClienteEndpoint" name="test_stato_endpoint_exists" time="0.337" /><testcase classname="backend.tests.test_step4_conferma_onboarding.TestStatoClienteEndpoint" name="test_stato_returns_pagina_mapping" time="0.336" /><testcase classname="backend.tests.test_step4_conferma_onboarding.TestWizardStepMapping" name="test_post_payment_states_map_to_step_4" time="0.325" /><testcase classname="backend.tests.test_step4_conferma_onboarding.TestHealthCheck" name="test_api_health" time="0.110" /><testcase classname="backend.tests.test_step4_conferma_onboarding.TestHealthCheck" name="test_auth_endpoint_exists" time="0.453" /></testsuite></testsuites>