<?xml version="1.0" encoding="utf-8"?><testsuites name="pytest tests"><testsuite name="pytest" errors="0" failures="0" skipped="0" tests="11" time="12.442" timestamp="2026-03-27T14:32:06.958708+00:00" hostname="agent-env-67babe8f-cd97-42b3-a086-a602f3f2bcaf"><testcase classname="backend.tests.test_contract_params.TestContractParamsGet" name="test_get_contract_params_partner_23" time="7.939" /><testcase classname="backend.tests.test_contract_params.TestContractParamsGet" name="test_get_contract_params_partner_2" time="0.267" /><testcase classname="backend.tests.test_contract_params.TestContractParamsGet" name="test_get_contract_params_nonexistent_partner" time="0.223" /><testcase classname="backend.tests.test_contract_params.TestContractParamsPatch" name="test_update_contract_params_partner_23" time="0.987" /><testcase classname="backend.tests.test_contract_params.TestContractParamsPatch" name="test_update_contract_params_empty_body" time="0.231" /><testcase classname="backend.tests.test_contract_params.TestContractParamsPatch" name="test_update_contract_params_nonexistent_partner" time="0.220" /><testcase classname="backend.tests.test_contract_params.TestContractText" name="test_get_contract_text_default_values" time="0.903" /><testcase classname="backend.tests.test_contract_params.TestContractText" name="test_get_contract_text_custom_values" time="0.669" /><testcase classname="backend.tests.test_contract_params.TestContractText" name="test_get_contract_text_nonexistent_partner" time="0.230" /><testcase classname="backend.tests.test_contract_params.TestContractSignedRestriction" name="test_check_partner_2_signed_status" time="0.226" /><testcase classname="backend.tests.test_contract_params.TestCleanup" name="test_restore_partner_23_defaults" time="0.464" /></testsuite></testsuites>