<?xml version="1.0" encoding="utf-8"?><testsuites name="pytest tests"><testsuite name="pytest" errors="0" failures="0" skipped="0" tests="10" time="10.757" timestamp="2026-04-08T20:13:09.575624+00:00" hostname="agent-env-67babe8f-cd97-42b3-a086-a602f3f2bcaf"><testcase classname="backend.tests.test_mini_quiz_v2.TestMiniQuizEndpoints" name="test_mini_quiz_requires_auth" time="4.294" /><testcase classname="backend.tests.test_mini_quiz_v2.TestMiniQuizEndpoints" name="test_mini_quiz_submission_with_new_user" time="1.325" /><testcase classname="backend.tests.test_mini_quiz_v2.TestMiniQuizEndpoints" name="test_get_output_existing_user" time="3.496" /><testcase classname="backend.tests.test_mini_quiz_v2.TestMiniQuizEndpoints" name="test_get_output_requires_auth" time="0.251" /><testcase classname="backend.tests.test_mini_quiz_v2.TestMiniQuizEndpoints" name="test_get_output_not_found" time="0.246" /><testcase classname="backend.tests.test_mini_quiz_v2.TestPDFEndpoint" name="test_pdf_download_existing_user" time="0.219" /><testcase classname="backend.tests.test_mini_quiz_v2.TestPDFEndpoint" name="test_pdf_requires_auth" time="0.120" /><testcase classname="backend.tests.test_mini_quiz_v2.TestScoringLogic" name="test_scoring_high_profile" time="0.233" /><testcase classname="backend.tests.test_mini_quiz_v2.TestQuizFieldValidation" name="test_quiz_accepts_all_9_fields" time="0.242" /><testcase classname="backend.tests.test_mini_quiz_v2.TestQuizFieldValidation" name="test_quiz_handles_empty_conditional_fields" time="0.256" /></testsuite></testsuites>