<?xml version="1.0" encoding="utf-8"?><testsuites name="pytest tests"><testsuite name="pytest" errors="0" failures="0" skipped="0" tests="25" time="33.041" timestamp="2026-04-09T16:09:44.612809+00:00" hostname="agent-env-67babe8f-cd97-42b3-a086-a602f3f2bcaf"><testcase classname="backend.tests.test_partner_progress.TestPartnerProgressAPI" name="test_get_progress_returns_200" time="8.115" /><testcase classname="backend.tests.test_partner_progress.TestPartnerProgressAPI" name="test_get_progress_returns_partner_info" time="0.783" /><testcase classname="backend.tests.test_partner_progress.TestPartnerProgressAPI" name="test_get_progress_returns_5_macro_steps" time="0.760" /><testcase classname="backend.tests.test_partner_progress.TestPartnerProgressAPI" name="test_get_progress_returns_micro_steps_config" time="0.866" /><testcase classname="backend.tests.test_partner_progress.TestPartnerProgressAPI" name="test_get_progress_micro_steps_have_required_fields" time="0.772" /><testcase classname="backend.tests.test_partner_progress.TestPartnerProgressAPI" name="test_get_progress_macro_step_has_status" time="0.753" /><testcase classname="backend.tests.test_partner_progress.TestPartnerProgressAPI" name="test_get_progress_macro_step_has_micro_steps" time="0.767" /><testcase classname="backend.tests.test_partner_progress.TestPartnerProgressAPI" name="test_get_progress_404_for_nonexistent_partner" time="0.768" /><testcase classname="backend.tests.test_partner_progress.TestPartnerProgressAPI" name="test_patch_progress_updates_micro_step" time="0.928" /><testcase classname="backend.tests.test_partner_progress.TestPartnerProgressAPI" name="test_patch_progress_returns_new_phase" time="0.851" /><testcase classname="backend.tests.test_partner_progress.TestPartnerProgressAPI" name="test_patch_progress_returns_macro_step_status" time="0.868" /><testcase classname="backend.tests.test_partner_progress.TestPartnerProgressAPI" name="test_patch_progress_auto_computes_macro_status" time="1.758" /><testcase classname="backend.tests.test_partner_progress.TestPartnerProgressAPI" name="test_patch_progress_auto_syncs_phase" time="1.959" /><testcase classname="backend.tests.test_partner_progress.TestPartnerProgressAPI" name="test_patch_progress_invalid_macro_step" time="0.665" /><testcase classname="backend.tests.test_partner_progress.TestPartnerProgressAPI" name="test_patch_progress_invalid_micro_step" time="0.647" /><testcase classname="backend.tests.test_partner_progress.TestPartnerProgressAPI" name="test_patch_progress_invalid_status" time="0.686" /><testcase classname="backend.tests.test_partner_progress.TestPartnerProgressAPI" name="test_patch_progress_404_for_nonexistent_partner" time="0.743" /><testcase classname="backend.tests.test_partner_progress.TestPartnerProgressNoteAPI" name="test_patch_note_saves_note" time="1.206" /><testcase classname="backend.tests.test_partner_progress.TestPartnerProgressNoteAPI" name="test_patch_note_returns_success_fields" time="0.876" /><testcase classname="backend.tests.test_partner_progress.TestPartnerProgressNoteAPI" name="test_patch_note_can_clear_note" time="1.379" /><testcase classname="backend.tests.test_partner_progress.TestPartnerProgressNoteAPI" name="test_patch_note_invalid_macro_step" time="0.651" /><testcase classname="backend.tests.test_partner_progress.TestPartnerProgressNoteAPI" name="test_patch_note_invalid_micro_step" time="0.666" /><testcase classname="backend.tests.test_partner_progress.TestPartnerProgressNoteAPI" name="test_patch_note_404_for_nonexistent_partner" time="0.756" /><testcase classname="backend.tests.test_partner_progress.TestPartnerProgressPhaseMapping" name="test_phase_mapping_posizionamento_to_f3" time="2.882" /><testcase classname="backend.tests.test_partner_progress.TestPartnerProgressPhaseMapping" name="test_status_cycles_correctly" time="1.839" /></testsuite></testsuites>