<?xml version="1.0" encoding="utf-8"?><testsuites name="pytest tests"><testsuite name="pytest" errors="0" failures="0" skipped="0" tests="16" time="10.960" timestamp="2026-03-13T17:26:45.356519+00:00" hostname="agent-env-2aefe7b2-08c0-4076-9053-344703e17086"><testcase classname="backend.tests.test_funnel_lead_endpoints.TestFunnelCompleteEndpoint" name="test_funnel_complete_returns_data" time="0.702" /><testcase classname="backend.tests.test_funnel_lead_endpoints.TestFunnelCompleteEndpoint" name="test_funnel_complete_404_for_invalid_partner" time="0.257" /><testcase classname="backend.tests.test_funnel_lead_endpoints.TestSaveDomainEndpoint" name="test_save_domain_success" time="0.408" /><testcase classname="backend.tests.test_funnel_lead_endpoints.TestSaveDomainEndpoint" name="test_save_domain_persists" time="0.925" /><testcase classname="backend.tests.test_funnel_lead_endpoints.TestSaveDomainEndpoint" name="test_save_domain_404_for_invalid_partner" time="0.279" /><testcase classname="backend.tests.test_funnel_lead_endpoints.TestGenerateLegalEndpoint" name="test_generate_legal_success" time="0.538" /><testcase classname="backend.tests.test_funnel_lead_endpoints.TestGenerateLegalEndpoint" name="test_generate_legal_persists" time="1.008" /><testcase classname="backend.tests.test_funnel_lead_endpoints.TestGenerateLegalEndpoint" name="test_generate_legal_404_for_invalid_partner" time="0.335" /><testcase classname="backend.tests.test_funnel_lead_endpoints.TestLeadsEndpoints" name="test_get_leads_returns_data" time="1.438" /><testcase classname="backend.tests.test_funnel_lead_endpoints.TestLeadsEndpoints" name="test_get_leads_with_filters" time="1.468" /><testcase classname="backend.tests.test_funnel_lead_endpoints.TestLeadsEndpoints" name="test_get_leads_404_for_invalid_partner" time="0.243" /><testcase classname="backend.tests.test_funnel_lead_endpoints.TestLeadsEndpoints" name="test_webhook_creates_lead" time="0.985" /><testcase classname="backend.tests.test_funnel_lead_endpoints.TestLeadsEndpoints" name="test_webhook_updates_existing_lead" time="1.410" /><testcase classname="backend.tests.test_funnel_lead_endpoints.TestLeadsEndpoints" name="test_webhook_404_for_invalid_partner" time="0.271" /><testcase classname="backend.tests.test_funnel_lead_endpoints.TestExportCSVEndpoint" name="test_export_csv_returns_file" time="0.368" /><testcase classname="backend.tests.test_funnel_lead_endpoints.TestExportCSVEndpoint" name="test_export_csv_404_for_invalid_partner" time="0.235" /></testsuite></testsuites>