<?xml version="1.0" encoding="utf-8"?><testsuites name="pytest tests"><testsuite name="pytest" errors="0" failures="0" skipped="0" tests="6" time="1.669" timestamp="2026-04-08T23:20:13.739294+00:00" hostname="agent-env-67babe8f-cd97-42b3-a086-a602f3f2bcaf"><testcase classname="backend.tests.test_checkout_step3.TestCheckoutEndpoint" name="test_checkout_endpoint_exists" time="0.144" /><testcase classname="backend.tests.test_checkout_step3.TestCheckoutEndpoint" name="test_checkout_with_valid_user_id" time="0.392" /><testcase classname="backend.tests.test_checkout_step3.TestCheckoutEndpoint" name="test_checkout_with_invalid_user_id" time="0.227" /><testcase classname="backend.tests.test_checkout_step3.TestCheckoutEndpoint" name="test_checkout_with_email_only" time="0.276" /><testcase classname="backend.tests.test_checkout_step3.TestClienteAnalisiStatus" name="test_status_endpoint" time="0.235" /><testcase classname="backend.tests.test_checkout_step3.TestClienteAnalisiStato" name="test_stato_endpoint" time="0.338" /></testsuite></testsuites>