<?xml version="1.0" encoding="utf-8"?><testsuites name="pytest tests"><testsuite name="pytest" errors="0" failures="0" skipped="0" tests="7" time="33.349" timestamp="2026-04-10T07:34:52.074494+00:00" hostname="agent-env-67babe8f-cd97-42b3-a086-a602f3f2bcaf"><testcase classname="backend.tests.test_videocorso_hooks_fix.TestVideocorsoEndpoints" name="test_get_videocorso_partner_2" time="10.177" /><testcase classname="backend.tests.test_videocorso_hooks_fix.TestVideocorsoEndpoints" name="test_get_videocorso_inputs" time="0.478" /><testcase classname="backend.tests.test_videocorso_hooks_fix.TestVideocorsoEndpoints" name="test_generate_course_endpoint_accepts_params" time="20.055" /><testcase classname="backend.tests.test_videocorso_hooks_fix.TestVideocorsoEndpoints" name="test_approve_course_endpoint_exists" time="1.161" /><testcase classname="backend.tests.test_videocorso_hooks_fix.TestVideocorsoEndpoints" name="test_videocorso_nonexistent_partner" time="0.341" /><testcase classname="backend.tests.test_videocorso_hooks_fix.TestVideocorsoDataIntegrity" name="test_course_modules_have_lessons" time="0.579" /><testcase classname="backend.tests.test_videocorso_hooks_fix.TestVideocorsoDataIntegrity" name="test_course_has_pricing" time="0.452" /></testsuite></testsuites>