<?xml version="1.0" encoding="utf-8"?><testsuites name="pytest tests"><testsuite name="pytest" errors="0" failures="0" skipped="0" tests="10" time="57.487" timestamp="2026-04-09T22:26:22.184710+00:00" hostname="agent-env-67babe8f-cd97-42b3-a086-a602f3f2bcaf"><testcase classname="backend.tests.test_funnel_blueprint.TestFunnelEndpoints" name="test_get_funnel_initial_state" time="8.484" /><testcase classname="backend.tests.test_funnel_blueprint.TestFunnelEndpoints" name="test_generate_blueprint_requires_bio" time="21.062" /><testcase classname="backend.tests.test_funnel_blueprint.TestFunnelEndpoints" name="test_generate_blueprint_full" time="24.402" /><testcase classname="backend.tests.test_funnel_blueprint.TestFunnelEndpoints" name="test_get_funnel_after_generation" time="0.581" /><testcase classname="backend.tests.test_funnel_blueprint.TestFunnelEndpoints" name="test_approve_blueprint" time="1.004" /><testcase classname="backend.tests.test_funnel_blueprint.TestFunnelEndpoints" name="test_get_funnel_after_approval" time="0.453" /><testcase classname="backend.tests.test_funnel_blueprint.TestFunnelEndpoints" name="test_approve_without_blueprint_fails" time="0.337" /><testcase classname="backend.tests.test_funnel_blueprint.TestFunnelBlueprintStructure" name="test_landing_sections_complete" time="0.369" /><testcase classname="backend.tests.test_funnel_blueprint.TestFunnelBlueprintStructure" name="test_email_sequence_has_5_emails" time="0.352" /><testcase classname="backend.tests.test_funnel_blueprint.TestFunnelBlueprintStructure" name="test_student_area_structure" time="0.357" /></testsuite></testsuites>