<?xml version="1.0" encoding="utf-8"?><testsuites name="pytest tests"><testsuite name="pytest" errors="0" failures="0" skipped="0" tests="26" time="8.405" timestamp="2026-03-15T17:23:22.611910+00:00" hostname="agent-env-7c5f3195-c63c-4f12-9521-24031d060ae4"><testcase classname="backend.tests.test_flusso_analisi.TestFlussoAnalisiEndpoints" name="test_get_analisi_not_found" time="0.343" /><testcase classname="backend.tests.test_flusso_analisi.TestFlussoAnalisiEndpoints" name="test_get_analisi_existing_user" time="1.152" /><testcase classname="backend.tests.test_flusso_analisi.TestFlussoAnalisiEndpoints" name="test_genera_analisi_auto_not_found" time="0.174" /><testcase classname="backend.tests.test_flusso_analisi.TestFlussoAnalisiEndpoints" name="test_modifica_analisi_not_found" time="0.173" /><testcase classname="backend.tests.test_flusso_analisi.TestFlussoAnalisiEndpoints" name="test_conferma_analisi_not_found" time="0.178" /><testcase classname="backend.tests.test_flusso_analisi.TestFlussoAnalisiEndpoints" name="test_attiva_decisione_not_found" time="0.171" /><testcase classname="backend.tests.test_flusso_analisi.TestFlussoAnalisiEndpoints" name="test_get_decisione_not_found" time="0.180" /><testcase classname="backend.tests.test_flusso_analisi.TestFlussoAnalisiEndpoints" name="test_firma_contratto_not_found" time="0.182" /><testcase classname="backend.tests.test_flusso_analisi.TestFlussoAnalisiEndpoints" name="test_upload_documento_not_found" time="0.281" /><testcase classname="backend.tests.test_flusso_analisi.TestFlussoAnalisiEndpoints" name="test_upload_documento_invalid_type" time="0.228" /><testcase classname="backend.tests.test_flusso_analisi.TestFlussoAnalisiEndpoints" name="test_conferma_bonifico_not_found" time="0.167" /><testcase classname="backend.tests.test_flusso_analisi.TestFlussoAnalisiEndpoints" name="test_attiva_partnership_not_found" time="0.167" /><testcase classname="backend.tests.test_flusso_analisi.TestFlussoAnalisiEndpoints" name="test_analisi_pdf_not_found" time="0.165" /><testcase classname="backend.tests.test_flusso_analisi.TestFlussoAnalisiEndpoints" name="test_contratto_pdf_not_found" time="0.176" /><testcase classname="backend.tests.test_flusso_analisi.TestFlussoAnalisiWorkflow" name="test_workflow_step1_get_initial_state" time="0.286" /><testcase classname="backend.tests.test_flusso_analisi.TestFlussoAnalisiWorkflow" name="test_workflow_step2_genera_analisi" time="0.302" /><testcase classname="backend.tests.test_flusso_analisi.TestFlussoAnalisiWorkflow" name="test_workflow_step3_modifica_analisi" time="0.579" /><testcase classname="backend.tests.test_flusso_analisi.TestFlussoAnalisiWorkflow" name="test_workflow_step4_conferma_analisi" time="0.805" /><testcase classname="backend.tests.test_flusso_analisi.TestFlussoAnalisiWorkflow" name="test_workflow_step5_attiva_decisione" time="0.991" /><testcase classname="backend.tests.test_flusso_analisi.TestFlussoAnalisiWorkflow" name="test_workflow_step6_get_decisione_data" time="0.652" /><testcase classname="backend.tests.test_flusso_analisi.TestFlussoAnalisiPDFs" name="test_contratto_pdf_generation" time="0.327" /><testcase classname="backend.tests.test_flusso_analisi.TestFlussoAnalisiPDFs" name="test_analisi_pdf_access_control" time="0.295" /><testcase classname="backend.tests.test_flusso_analisi.TestFlussoAnalisiValidation" name="test_modifica_analisi_missing_fields" time="0.051" /><testcase classname="backend.tests.test_flusso_analisi.TestFlussoAnalisiValidation" name="test_conferma_analisi_missing_user_id" time="0.062" /><testcase classname="backend.tests.test_flusso_analisi.TestFlussoAnalisiValidation" name="test_attiva_decisione_missing_user_id" time="0.063" /><testcase classname="backend.tests.test_flusso_analisi.TestFlussoAnalisiValidation" name="test_firma_contratto_not_accepted" time="0.173" /></testsuite></testsuites>