<?xml version="1.0" encoding="utf-8"?><testsuites name="pytest tests"><testsuite name="pytest" errors="0" failures="4" skipped="0" tests="19" time="14.249" timestamp="2026-04-09T21:35:49.548699+00:00" hostname="agent-env-67babe8f-cd97-42b3-a086-a602f3f2bcaf"><testcase classname="backend.tests.test_ai_driven_posizionamento_masterclass.TestPosizionamentoEndpoints" name="test_get_posizionamento_returns_new_fields" time="6.032" /><testcase classname="backend.tests.test_ai_driven_posizionamento_masterclass.TestPosizionamentoEndpoints" name="test_save_inputs_with_7_fields" time="0.717" /><testcase classname="backend.tests.test_ai_driven_posizionamento_masterclass.TestPosizionamentoEndpoints" name="test_generate_positioning_creates_ai_output" time="0.717"><failure message="AssertionError: Expected 200, got 500: {&quot;detail&quot;:&quot;Errore generazione posizionamento: No module named 'anthropic'&quot;}&#10;assert 500 == 200&#10; +  where 500 = &lt;Response [500]&gt;.status_code">backend/tests/test_ai_driven_posizionamento_masterclass.py:113: in test_generate_positioning_creates_ai_output
    assert response.status_code == 200, f"Expected 200, got {response.status_code}: {response.text}"
E   AssertionError: Expected 200, got 500: {"detail":"Errore generazione posizionamento: No module named 'anthropic'"}
E   assert 500 == 200
E    +  where 500 = &lt;Response [500]&gt;.status_code</failure></testcase><testcase classname="backend.tests.test_ai_driven_posizionamento_masterclass.TestPosizionamentoEndpoints" name="test_approve_positioning_marks_complete" time="0.447"><failure message="AssertionError: Expected 200, got 400: {&quot;detail&quot;:&quot;Nessun posizionamento da approvare&quot;}&#10;assert 400 == 200&#10; +  where 400 = &lt;Response [400]&gt;.status_code">backend/tests/test_ai_driven_posizionamento_masterclass.py:145: in test_approve_positioning_marks_complete
    assert response.status_code == 200, f"Expected 200, got {response.status_code}: {response.text}"
E   AssertionError: Expected 200, got 400: {"detail":"Nessun posizionamento da approvare"}
E   assert 400 == 200
E    +  where 400 = &lt;Response [400]&gt;.status_code</failure></testcase><testcase classname="backend.tests.test_ai_driven_posizionamento_masterclass.TestPosizionamentoEndpoints" name="test_generate_positioning_without_inputs_fails" time="0.292" /><testcase classname="backend.tests.test_ai_driven_posizionamento_masterclass.TestMasterclassEndpoints" name="test_get_masterclass_data" time="0.233" /><testcase classname="backend.tests.test_ai_driven_posizionamento_masterclass.TestMasterclassEndpoints" name="test_save_masterclass_answers" time="0.542" /><testcase classname="backend.tests.test_ai_driven_posizionamento_masterclass.TestMasterclassEndpoints" name="test_generate_script_returns_sections" time="1.046"><failure message="AssertionError: Expected 200, got 500: {&quot;detail&quot;:&quot;Errore generazione script: No module named 'anthropic'&quot;}&#10;assert 500 == 200&#10; +  where 500 = &lt;Response [500]&gt;.status_code">backend/tests/test_ai_driven_posizionamento_masterclass.py:224: in test_generate_script_returns_sections
    assert response.status_code == 200, f"Expected 200, got {response.status_code}: {response.text}"
E   AssertionError: Expected 200, got 500: {"detail":"Errore generazione script: No module named 'anthropic'"}
E   assert 500 == 200
E    +  where 500 = &lt;Response [500]&gt;.status_code</failure></testcase><testcase classname="backend.tests.test_ai_driven_posizionamento_masterclass.TestMasterclassEndpoints" name="test_approve_script_works" time="0.805" /><testcase classname="backend.tests.test_ai_driven_posizionamento_masterclass.TestInputValidation" name="test_posizionamento_requires_all_fields" time="0.371" /><testcase classname="backend.tests.test_ai_driven_posizionamento_masterclass.TestInputValidation" name="test_masterclass_answers_accepts_partial" time="0.260" /><testcase classname="backend.tests.test_ai_driven_posizionamento_masterclass.TestEndpointAvailability" name="test_posizionamento_get_endpoint" time="0.336" /><testcase classname="backend.tests.test_ai_driven_posizionamento_masterclass.TestEndpointAvailability" name="test_posizionamento_save_inputs_endpoint" time="0.367" /><testcase classname="backend.tests.test_ai_driven_posizionamento_masterclass.TestEndpointAvailability" name="test_posizionamento_generate_endpoint" time="0.352"><failure message="AssertionError: Unexpected status: 500&#10;assert 500 in [200, 400]&#10; +  where 500 = &lt;Response [500]&gt;.status_code">backend/tests/test_ai_driven_posizionamento_masterclass.py:338: in test_posizionamento_generate_endpoint
    assert response.status_code in [200, 400], f"Unexpected status: {response.status_code}"
E   AssertionError: Unexpected status: 500
E   assert 500 in [200, 400]
E    +  where 500 = &lt;Response [500]&gt;.status_code</failure></testcase><testcase classname="backend.tests.test_ai_driven_posizionamento_masterclass.TestEndpointAvailability" name="test_posizionamento_approve_endpoint" time="0.524" /><testcase classname="backend.tests.test_ai_driven_posizionamento_masterclass.TestEndpointAvailability" name="test_masterclass_get_endpoint" time="0.278" /><testcase classname="backend.tests.test_ai_driven_posizionamento_masterclass.TestEndpointAvailability" name="test_masterclass_answers_endpoint" time="0.228" /><testcase classname="backend.tests.test_ai_driven_posizionamento_masterclass.TestEndpointAvailability" name="test_masterclass_generate_script_endpoint" time="0.227" /><testcase classname="backend.tests.test_ai_driven_posizionamento_masterclass.TestEndpointAvailability" name="test_masterclass_approve_script_endpoint" time="0.361" /></testsuite></testsuites>