<?xml version="1.0" encoding="utf-8"?><testsuites name="pytest tests"><testsuite name="pytest" errors="0" failures="0" skipped="0" tests="17" time="19.804" timestamp="2026-04-10T17:06:07.279719+00:00" hostname="agent-env-67babe8f-cd97-42b3-a086-a602f3f2bcaf"><testcase classname="backend.tests.test_funnel_distribution.TestFunnelDistributionTemplates" name="test_get_templates_returns_4_templates" time="7.909" /><testcase classname="backend.tests.test_funnel_distribution.TestFunnelDistributionTemplates" name="test_templates_have_required_fields" time="0.147" /><testcase classname="backend.tests.test_funnel_distribution.TestFunnelDistributionTemplates" name="test_template_ids_are_correct" time="0.118" /><testcase classname="backend.tests.test_funnel_distribution.TestFunnelDistributionAllPending" name="test_all_pending_returns_structure" time="0.332" /><testcase classname="backend.tests.test_funnel_distribution.TestFunnelDistributionAllPending" name="test_all_pending_templates_match_templates_endpoint" time="0.475" /><testcase classname="backend.tests.test_funnel_distribution.TestFunnelDistributionByPartner" name="test_get_distributions_for_partner_3" time="0.338" /><testcase classname="backend.tests.test_funnel_distribution.TestFunnelDistributionByPartner" name="test_distribution_has_required_fields" time="0.344" /><testcase classname="backend.tests.test_funnel_distribution.TestFunnelDistributionByPartner" name="test_nonexistent_partner_returns_404" time="0.334" /><testcase classname="backend.tests.test_funnel_distribution.TestFunnelDistributionAssign" name="test_assign_new_distribution" time="0.889" /><testcase classname="backend.tests.test_funnel_distribution.TestFunnelDistributionAssign" name="test_assign_invalid_template_returns_400" time="0.304" /><testcase classname="backend.tests.test_funnel_distribution.TestFunnelDistributionAssign" name="test_assign_invalid_partner_returns_404" time="0.356" /><testcase classname="backend.tests.test_funnel_distribution.TestFunnelDistributionUpdateStatus" name="test_update_status_to_importato" time="1.442" /><testcase classname="backend.tests.test_funnel_distribution.TestFunnelDistributionUpdateStatus" name="test_update_status_to_personalizzato" time="1.502" /><testcase classname="backend.tests.test_funnel_distribution.TestFunnelDistributionUpdateStatus" name="test_update_status_to_live_with_url" time="1.864" /><testcase classname="backend.tests.test_funnel_distribution.TestFunnelDistributionUpdateStatus" name="test_update_nonexistent_distribution_returns_404" time="0.350" /><testcase classname="backend.tests.test_funnel_distribution.TestFunnelDistributionConsegnatoUpdatesLight" name="test_consegnato_updates_funnel_light" time="2.639" /><testcase classname="backend.tests.test_funnel_distribution.TestDistributionStatuses" name="test_valid_statuses" time="0.354" /></testsuite></testsuites>