<?xml version="1.0" encoding="utf-8"?><testsuites name="pytest tests"><testsuite name="pytest" errors="0" failures="0" skipped="0" tests="7" time="3.844" timestamp="2026-04-10T14:50:46.084977+00:00" hostname="agent-env-67babe8f-cd97-42b3-a086-a602f3f2bcaf"><testcase classname="backend.tests.test_ottimizzazione_page.TestOttimizzazioneAPI" name="test_health_check" time="0.188" /><testcase classname="backend.tests.test_ottimizzazione_page.TestOttimizzazioneAPI" name="test_get_ottimizzazione_valid_partner" time="0.786" /><testcase classname="backend.tests.test_ottimizzazione_page.TestOttimizzazioneAPI" name="test_get_ottimizzazione_invalid_partner" time="0.343" /><testcase classname="backend.tests.test_ottimizzazione_page.TestOttimizzazioneAPI" name="test_get_ottimizzazione_response_has_protocollo_fields" time="0.701" /><testcase classname="backend.tests.test_ottimizzazione_page.TestOttimizzazioneAPI" name="test_post_salva_protocollo_success" time="0.473" /><testcase classname="backend.tests.test_ottimizzazione_page.TestOttimizzazioneAPI" name="test_post_salva_protocollo_persistence" time="0.953" /><testcase classname="backend.tests.test_ottimizzazione_page.TestOttimizzazioneAPI" name="test_post_salva_protocollo_invalid_partner" time="0.346" /></testsuite></testsuites>