<?xml version="1.0" encoding="utf-8"?><testsuites name="pytest tests"><testsuite name="pytest" errors="0" failures="0" skipped="0" tests="15" time="5.867" timestamp="2026-03-13T09:04:38.874864+00:00" hostname="agent-env-37c0fe57-0dd4-4c73-a8db-09e466e8213e"><testcase classname="backend.tests.test_partnership_activation.TestPartnershipEndpoints" name="test_get_analisi_success" time="0.251" /><testcase classname="backend.tests.test_partnership_activation.TestPartnershipEndpoints" name="test_get_analisi_invalid_user" time="0.226" /><testcase classname="backend.tests.test_partnership_activation.TestPartnershipEndpoints" name="test_update_step_analisi_visualizzata" time="0.250" /><testcase classname="backend.tests.test_partnership_activation.TestPartnershipEndpoints" name="test_update_step_partnership_confermata" time="0.229" /><testcase classname="backend.tests.test_partnership_activation.TestPartnershipEndpoints" name="test_update_step_invalid_step" time="0.459" /><testcase classname="backend.tests.test_partnership_activation.TestPartnershipEndpoints" name="test_upload_documento_contratto" time="1.148" /><testcase classname="backend.tests.test_partnership_activation.TestPartnershipEndpoints" name="test_upload_documento_carta_identita" time="0.743" /><testcase classname="backend.tests.test_partnership_activation.TestPartnershipEndpoints" name="test_upload_documento_invalid_tipo" time="0.104" /><testcase classname="backend.tests.test_partnership_activation.TestPartnershipEndpoints" name="test_create_checkout_session" time="0.758" /><testcase classname="backend.tests.test_partnership_activation.TestPartnershipEndpoints" name="test_create_checkout_session_invalid_user" time="0.228" /><testcase classname="backend.tests.test_partnership_activation.TestPartnershipEndpoints" name="test_get_partnership_status" time="0.387" /><testcase classname="backend.tests.test_partnership_activation.TestPartnershipEndpoints" name="test_get_partnership_status_invalid_user" time="0.270" /><testcase classname="backend.tests.test_partnership_activation.TestPartnershipEndpoints" name="test_convert_to_partner_missing_steps" time="0.254" /><testcase classname="backend.tests.test_partnership_activation.TestPartnershipEndpoints" name="test_static_contratto_pdf_accessible" time="0.112" /><testcase classname="backend.tests.test_partnership_activation.TestPartnershipVerifyPayment" name="test_verify_payment_no_session" time="0.380" /></testsuite></testsuites>