<?xml version="1.0" encoding="utf-8"?><testsuites name="pytest tests"><testsuite name="pytest" errors="0" failures="0" skipped="0" tests="6" time="10.976" timestamp="2026-04-10T16:03:23.431100+00:00" hostname="agent-env-67babe8f-cd97-42b3-a086-a602f3f2bcaf"><testcase classname="backend.tests.test_percorso_veloce.TestPercorsoVeloceEndpoints" name="test_get_percorso_veloce_not_activated" time="8.173" /><testcase classname="backend.tests.test_percorso_veloce.TestPercorsoVeloceEndpoints" name="test_get_percorso_veloce_activated" time="0.484" /><testcase classname="backend.tests.test_percorso_veloce.TestPercorsoVeloceEndpoints" name="test_activate_percorso_veloce" time="0.731" /><testcase classname="backend.tests.test_percorso_veloce.TestPercorsoVeloceEndpoints" name="test_save_checklist" time="0.729" /><testcase classname="backend.tests.test_percorso_veloce.TestPercorsoVeloceEndpoints" name="test_get_percorso_veloce_invalid_partner" time="0.376" /><testcase classname="backend.tests.test_percorso_veloce.TestPercorsoVeloceEndpoints" name="test_phases_structure" time="0.413" /></testsuite></testsuites>