<?xml version="1.0" encoding="utf-8"?><testsuites name="pytest tests"><testsuite name="pytest" errors="0" failures="1" skipped="0" tests="16" time="8.352" timestamp="2026-03-16T11:32:06.716236+00:00" hostname="agent-env-7c5f3195-c63c-4f12-9521-24031d060ae4"><testcase classname="tests.test_operations.TestOperationsAuth" name="test_antonella_login_success" time="0.648" /><testcase classname="tests.test_operations.TestOperationsAuth" name="test_claudio_login_success" time="0.625" /><testcase classname="tests.test_operations.TestOperationsStats" name="test_get_stats_success" time="0.468" /><testcase classname="tests.test_operations.TestOperationsPartners" name="test_get_partners_success" time="0.264" /><testcase classname="tests.test_operations.TestOperationsContenuti" name="test_get_contenuti_nonexistent_partner" time="0.569" /><testcase classname="tests.test_operations.TestOperationsCampagneADV" name="test_get_campagne_empty" time="0.257" /><testcase classname="tests.test_operations.TestOperationsCampagneADV" name="test_create_campagna_success" time="0.525" /><testcase classname="tests.test_operations.TestOperationsCampagneADV" name="test_create_and_get_campagna" time="0.717" /><testcase classname="tests.test_operations.TestOperationsCampagneADV" name="test_update_campagna_success" time="0.880" /><testcase classname="tests.test_operations.TestOperationsCampagneADV" name="test_update_nonexistent_campagna" time="0.249" /><testcase classname="tests.test_operations.TestOperationsCampagneADV" name="test_delete_campagna_success" time="0.771" /><testcase classname="tests.test_operations.TestOperationsCampagneADV" name="test_delete_nonexistent_campagna" time="0.286" /><testcase classname="tests.test_operations.TestOperationsAggregati" name="test_campagne_with_aggregati" time="1.203" /><testcase classname="tests.test_operations.TestOperationsContenutiFull" name="test_add_commento_success" time="0.247"><failure message="assert 500 == 200&#10; +  where 500 = &lt;Response [500]&gt;.status_code">tests/test_operations.py:354: in test_add_commento_success
    assert response.status_code == 200
E   assert 500 == 200
E    +  where 500 = &lt;Response [500]&gt;.status_code</failure></testcase><testcase classname="tests.test_operations.TestOperationsContenutiFull" name="test_update_calendar_success" time="0.275" /><testcase classname="tests.test_operations.TestOperationsPartnerNotes" name="test_update_partner_note" time="0.253" /></testsuite></testsuites>