<?xml version="1.0" encoding="utf-8"?><testsuites name="pytest tests"><testsuite name="pytest" errors="0" failures="0" skipped="0" tests="21" time="18.315" timestamp="2026-04-10T18:26:33.401153+00:00" hostname="agent-env-67babe8f-cd97-42b3-a086-a602f3f2bcaf"><testcase classname="backend.tests.test_notifications.TestNotificationEndpoints" name="test_send_notification_step_pronto" time="9.975" /><testcase classname="backend.tests.test_notifications.TestNotificationEndpoints" name="test_send_notification_azione_richiesta" time="0.260" /><testcase classname="backend.tests.test_notifications.TestNotificationEndpoints" name="test_send_notification_sistema_attivo" time="0.260" /><testcase classname="backend.tests.test_notifications.TestNotificationEndpoints" name="test_send_notification_invalid_tipo" time="0.112" /><testcase classname="backend.tests.test_notifications.TestNotificationEndpoints" name="test_send_notification_missing_step_id" time="0.113" /><testcase classname="backend.tests.test_notifications.TestNotificationEndpoints" name="test_get_notification_history" time="0.290" /><testcase classname="backend.tests.test_notifications.TestNotificationEndpoints" name="test_get_notification_history_sorted" time="0.219" /><testcase classname="backend.tests.test_notifications.TestStepStatusTrigger" name="test_step_status_update_triggers_notification" time="1.810" /><testcase classname="backend.tests.test_notifications.TestStepStatusTrigger" name="test_step_status_update_in_lavorazione_triggers_notification" time="0.570" /><testcase classname="backend.tests.test_notifications.TestAntiSpam" name="test_anti_spam_blocks_duplicate" time="0.713" /><testcase classname="backend.tests.test_notifications.TestSystemeIOIntegration" name="test_systeme_tag_created_on_notification" time="0.461" /><testcase classname="backend.tests.test_notifications.TestPartnerValidation" name="test_notification_invalid_partner" time="0.337" /><testcase classname="backend.tests.test_notifications.TestPartnerValidation" name="test_notification_history_invalid_partner" time="0.254" /><testcase classname="backend.tests.test_notifications.TestAllStepOptions" name="test_step_status_update_valid_steps[posizionamento]" time="0.339" /><testcase classname="backend.tests.test_notifications.TestAllStepOptions" name="test_step_status_update_valid_steps[funnel-light]" time="0.347" /><testcase classname="backend.tests.test_notifications.TestAllStepOptions" name="test_step_status_update_valid_steps[masterclass]" time="0.364" /><testcase classname="backend.tests.test_notifications.TestAllStepOptions" name="test_step_status_update_valid_steps[videocorso]" time="0.362" /><testcase classname="backend.tests.test_notifications.TestAllStepOptions" name="test_step_status_update_valid_steps[funnel]" time="0.361" /><testcase classname="backend.tests.test_notifications.TestAllStepOptions" name="test_step_status_update_valid_steps[lancio]" time="0.385" /><testcase classname="backend.tests.test_notifications.TestAllStepOptions" name="test_step_status_update_valid_steps[webinar]" time="0.366" /><testcase classname="backend.tests.test_notifications.TestAllStepOptions" name="test_step_status_update_valid_steps[email]" time="0.336" /></testsuite></testsuites>