<?xml version="1.0" encoding="utf-8"?><testsuites name="pytest tests"><testsuite name="pytest" errors="0" failures="0" skipped="0" tests="13" time="150.741" timestamp="2026-03-24T09:48:51.772104+00:00" hostname="agent-env-b075214d-7f3a-47ff-af75-210e2d5c404c"><testcase classname="tests.test_post_payment_automation.TestCeleryStatus" name="test_celery_status_endpoint" time="0.800" /><testcase classname="tests.test_post_payment_automation.TestClienteAnalisiRegistration" name="test_register_cliente_analisi" time="0.982" /><testcase classname="tests.test_post_payment_automation.TestClienteAnalisiRegistration" name="test_register_duplicate_email_fails" time="1.169" /><testcase classname="tests.test_post_payment_automation.TestPostPaymentAutomation" name="test_simulate_payment_endpoint" time="3.147" /><testcase classname="tests.test_post_payment_automation.TestPostPaymentAutomation" name="test_automation_status_after_payment" time="24.899" /><testcase classname="tests.test_post_payment_automation.TestPostPaymentAutomation" name="test_clienti_analisi_record_created" time="9.815" /><testcase classname="tests.test_post_payment_automation.TestPostPaymentAutomation" name="test_scheduled_emails_created" time="9.871" /><testcase classname="tests.test_post_payment_automation.TestPostPaymentAutomation" name="test_email_logs_created_after_celery_task" time="29.982" /><testcase classname="tests.test_post_payment_automation.TestPostPaymentAutomation" name="test_database_fields_updated_after_welcome_email" time="29.922" /><testcase classname="tests.test_post_payment_automation.TestPaymentAlreadyProcessed" name="test_duplicate_payment_returns_already_processed" time="7.218" /><testcase classname="tests.test_post_payment_automation.TestUserNotFound" name="test_payment_for_nonexistent_user" time="1.322" /><testcase classname="tests.test_post_payment_automation.TestUserNotFound" name="test_status_for_nonexistent_user" time="1.325" /><testcase classname="tests.test_post_payment_automation.TestEndToEndAutomationFlow" name="test_full_automation_flow" time="30.235" /></testsuite></testsuites>