<?xml version="1.0" encoding="utf-8"?><testsuites name="pytest tests"><testsuite name="pytest" errors="0" failures="0" skipped="0" tests="14" time="44.223" timestamp="2026-03-24T10:14:29.552228+00:00" hostname="agent-env-b075214d-7f3a-47ff-af75-210e2d5c404c"><testcase classname="backend.tests.test_iteration_24_endpoints.TestMasterclassEndpoints" name="test_masterclass_genera_alias_with_valid_partner" time="20.890" /><testcase classname="backend.tests.test_iteration_24_endpoints.TestMasterclassEndpoints" name="test_masterclass_genera_alias_with_invalid_partner" time="0.371" /><testcase classname="backend.tests.test_iteration_24_endpoints.TestMasterclassEndpoints" name="test_masterclass_generate_script_post" time="9.228" /><testcase classname="backend.tests.test_iteration_24_endpoints.TestMasterclassEndpoints" name="test_masterclass_get_partner_data" time="0.381" /><testcase classname="backend.tests.test_iteration_24_endpoints.TestPartnersUnifiedView" name="test_get_all_partners_unified" time="0.347" /><testcase classname="backend.tests.test_iteration_24_endpoints.TestPartnersUnifiedView" name="test_get_single_partner_unified" time="0.220" /><testcase classname="backend.tests.test_iteration_24_endpoints.TestPartnersUnifiedView" name="test_partners_unified_filter_active_production" time="0.235" /><testcase classname="backend.tests.test_iteration_24_endpoints.TestAdminEmailTemplates" name="test_list_email_templates" time="0.211" /><testcase classname="backend.tests.test_iteration_24_endpoints.TestAdminEmailTemplates" name="test_get_single_template_partnership_welcome" time="0.236" /><testcase classname="backend.tests.test_iteration_24_endpoints.TestAdminEmailTemplates" name="test_get_nonexistent_template" time="0.214" /><testcase classname="backend.tests.test_iteration_24_endpoints.TestAdminEmailTemplates" name="test_preview_template_partnership_welcome" time="0.098" /><testcase classname="backend.tests.test_iteration_24_endpoints.TestAdminEmailTemplates" name="test_update_template" time="0.346" /><testcase classname="backend.tests.test_iteration_24_endpoints.TestYouTubeOAuthStatus" name="test_youtube_status" time="0.127" /><testcase classname="backend.tests.test_iteration_24_endpoints.TestRouteOrdering" name="test_genera_route_not_matched_as_partner_id" time="11.251" /></testsuite></testsuites>