<?xml version="1.0" encoding="utf-8"?><testsuites name="pytest tests"><testsuite name="pytest" errors="0" failures="0" skipped="0" tests="6" time="3.657" timestamp="2026-03-13T16:46:25.744091+00:00" hostname="agent-env-2a92fd81-9169-41d0-bb25-e8fc66865339"><testcase classname="backend.tests.test_webinar.TestWebinarEndpoints" name="test_get_webinar_existing_partner" time="0.455" /><testcase classname="backend.tests.test_webinar.TestWebinarEndpoints" name="test_get_webinar_nonexistent_partner" time="0.231" /><testcase classname="backend.tests.test_webinar.TestWebinarEndpoints" name="test_genera_webinar" time="0.951" /><testcase classname="backend.tests.test_webinar.TestWebinarEndpoints" name="test_genera_webinar_persists_data" time="1.334" /><testcase classname="backend.tests.test_webinar.TestWebinarEndpoints" name="test_genera_webinar_nonexistent_partner" time="0.233" /><testcase classname="backend.tests.test_webinar.TestOttimizzazioneEndpoints" name="test_get_ottimizzazione" time="0.389" /></testsuite></testsuites>