<?xml version="1.0" encoding="utf-8"?><testsuites name="pytest tests"><testsuite name="pytest" errors="0" failures="0" skipped="0" tests="10" time="8.133" timestamp="2026-04-10T13:50:25.528564+00:00" hostname="agent-env-67babe8f-cd97-42b3-a086-a602f3f2bcaf"><testcase classname="backend.tests.test_lancio_vendita_model.TestLancioVenditaModel" name="test_lancio_endpoint_returns_200" time="1.015" /><testcase classname="backend.tests.test_lancio_vendita_model.TestLancioVenditaModel" name="test_plan_data_contains_all_sections" time="0.688" /><testcase classname="backend.tests.test_lancio_vendita_model.TestLancioVenditaModel" name="test_landing_page_structure" time="0.698" /><testcase classname="backend.tests.test_lancio_vendita_model.TestLancioVenditaModel" name="test_offerta_structure" time="0.765" /><testcase classname="backend.tests.test_lancio_vendita_model.TestLancioVenditaModel" name="test_email_followup_structure" time="0.670" /><testcase classname="backend.tests.test_lancio_vendita_model.TestLancioVenditaModel" name="test_webinar_has_obiezioni_comuni" time="0.670" /><testcase classname="backend.tests.test_lancio_vendita_model.TestLancioVenditaModel" name="test_webinar_scaletta_structure" time="0.675" /><testcase classname="backend.tests.test_lancio_vendita_model.TestLancioVenditaModel" name="test_calendario_30g_structure" time="0.757" /><testcase classname="backend.tests.test_lancio_vendita_model.TestLancioVenditaModel" name="test_contenuti_pronti_structure" time="1.397" /><testcase classname="backend.tests.test_lancio_vendita_model.TestLancioVenditaModel" name="test_piano_ads_structure" time="0.724" /></testsuite></testsuites>