<?xml version="1.0" encoding="utf-8"?><testsuites name="pytest tests"><testsuite name="pytest" errors="0" failures="0" skipped="0" tests="17" time="7.718" timestamp="2026-03-13T11:32:04.847607+00:00" hostname="agent-env-2a92fd81-9169-41d0-bb25-e8fc66865339"><testcase classname="backend.tests.test_partner_journey.TestPartnerJourneyProgress" name="test_get_progress_success" time="0.940" /><testcase classname="backend.tests.test_partner_journey.TestPartnerJourneyProgress" name="test_get_progress_invalid_partner" time="0.257" /><testcase classname="backend.tests.test_partner_journey.TestPartnerJourneyPosizionamento" name="test_get_posizionamento_success" time="0.377" /><testcase classname="backend.tests.test_partner_journey.TestPartnerJourneyPosizionamento" name="test_get_posizionamento_invalid_partner" time="0.279" /><testcase classname="backend.tests.test_partner_journey.TestPartnerJourneyPosizionamento" name="test_save_step_success" time="0.385" /><testcase classname="backend.tests.test_partner_journey.TestPartnerJourneyPosizionamento" name="test_save_step_invalid_step_number" time="0.224" /><testcase classname="backend.tests.test_partner_journey.TestPartnerJourneyPosizionamento" name="test_save_step_invalid_partner" time="0.257" /><testcase classname="backend.tests.test_partner_journey.TestPartnerJourneyPosizionamento" name="test_save_multiple_steps" time="1.465" /><testcase classname="backend.tests.test_partner_journey.TestPartnerJourneyMasterclass" name="test_get_masterclass_success" time="0.345" /><testcase classname="backend.tests.test_partner_journey.TestPartnerJourneyMasterclass" name="test_get_masterclass_invalid_partner" time="0.224" /><testcase classname="backend.tests.test_partner_journey.TestPartnerJourneyFunnel" name="test_get_funnel_success" time="0.342" /><testcase classname="backend.tests.test_partner_journey.TestPartnerJourneyFunnel" name="test_get_funnel_invalid_partner" time="0.243" /><testcase classname="backend.tests.test_partner_journey.TestPartnerJourneyLancio" name="test_get_lancio_success" time="0.708" /><testcase classname="backend.tests.test_partner_journey.TestPartnerJourneyLancio" name="test_get_lancio_invalid_partner" time="0.222" /><testcase classname="backend.tests.test_partner_journey.TestPartnerJourneyVideocorso" name="test_get_videocorso_success" time="0.466" /><testcase classname="backend.tests.test_partner_journey.TestPartnerJourneyVideocorso" name="test_get_videocorso_invalid_partner" time="0.219" /><testcase classname="backend.tests.test_partner_journey.TestPartnerJourneyDataPersistence" name="test_save_and_verify_posizionamento_step" time="0.682" /></testsuite></testsuites>