<?xml version="1.0" encoding="utf-8"?><testsuites name="pytest tests"><testsuite name="pytest" errors="0" failures="0" skipped="0" tests="7" time="5.435" timestamp="2026-04-08T19:04:44.201834+00:00" hostname="agent-env-67babe8f-cd97-42b3-a086-a602f3f2bcaf"><testcase classname="backend.tests.test_mini_quiz.TestMiniQuizEndpoint" name="test_mini_quiz_requires_auth" time="0.956" /><testcase classname="backend.tests.test_mini_quiz.TestMiniQuizEndpoint" name="test_mini_quiz_accepts_structured_json" time="0.760" /><testcase classname="backend.tests.test_mini_quiz.TestMiniQuizEndpoint" name="test_mini_quiz_with_altro_option" time="0.794" /><testcase classname="backend.tests.test_mini_quiz.TestMiniQuizEndpoint" name="test_mini_quiz_all_radio_options" time="1.258" /><testcase classname="backend.tests.test_mini_quiz.TestClienteAnalisiFlow" name="test_health_endpoint" time="0.125" /><testcase classname="backend.tests.test_mini_quiz.TestClienteAnalisiFlow" name="test_login_admin" time="0.613" /><testcase classname="backend.tests.test_mini_quiz.TestClienteAnalisiFlow" name="test_stato_cliente_endpoint" time="0.860" /></testsuite></testsuites>