<?xml version="1.0" encoding="utf-8"?><testsuites name="pytest tests"><testsuite name="pytest" errors="0" failures="0" skipped="1" tests="7" time="12.563" timestamp="2026-03-27T15:42:02.403383+00:00" hostname="agent-env-67babe8f-cd97-42b3-a086-a602f3f2bcaf"><testcase classname="tests.test_systeme_notifications.TestAlertsEndpoint" name="test_alerts_no_phantom_test_alert" time="7.802" /><testcase classname="tests.test_systeme_notifications.TestDocumentStatusEndpoint" name="test_get_document_status" time="1.424" /><testcase classname="tests.test_systeme_notifications.TestDocumentRejectNotification" name="test_reject_document_triggers_notification" time="0.974"><skipped type="pytest.skip" message="No uploaded document available to reject - need to upload first">/app/backend/tests/test_systeme_notifications.py:114: No uploaded document available to reject - need to upload first</skipped></testcase><testcase classname="tests.test_systeme_notifications.TestDocumentVerifyNotification" name="test_verify_document_endpoint" time="0.351" /><testcase classname="tests.test_systeme_notifications.TestSubmitReviewNotification" name="test_submit_review_endpoint_validation" time="0.331" /><testcase classname="tests.test_systeme_notifications.TestAdminDocumentsEndpoint" name="test_admin_get_documents" time="0.393" /><testcase classname="tests.test_systeme_notifications.TestContractSigningNotification" name="test_contract_status_endpoint" time="1.224" /></testsuite></testsuites>