<?xml version="1.0" encoding="utf-8"?><testsuites name="pytest tests"><testsuite name="pytest" errors="0" failures="0" skipped="0" tests="14" time="5.078" timestamp="2026-04-10T17:45:53.514464+00:00" hostname="agent-env-67babe8f-cd97-42b3-a086-a602f3f2bcaf"><testcase classname="backend.tests.test_done_for_you.TestStepStatusAPI" name="test_get_step_status_partner_2" time="0.535" /><testcase classname="backend.tests.test_done_for_you.TestStepStatusAPI" name="test_get_step_status_invalid_partner" time="0.408" /><testcase classname="backend.tests.test_done_for_you.TestStepStatusUpdate" name="test_update_step_status_to_in_revisione" time="0.389" /><testcase classname="backend.tests.test_done_for_you.TestStepStatusUpdate" name="test_update_step_status_to_pronto" time="0.352" /><testcase classname="backend.tests.test_done_for_you.TestStepStatusUpdate" name="test_update_invalid_step_id" time="0.113" /><testcase classname="backend.tests.test_done_for_you.TestStepStatusUpdate" name="test_update_invalid_status" time="0.122" /><testcase classname="backend.tests.test_done_for_you.TestStepApprove" name="test_approve_pronto_step" time="0.351" /><testcase classname="backend.tests.test_done_for_you.TestStepApprove" name="test_approve_invalid_step" time="0.106" /><testcase classname="backend.tests.test_done_for_you.TestWebinarAPI" name="test_get_webinar_partner_2" time="0.352" /><testcase classname="backend.tests.test_done_for_you.TestWebinarAPI" name="test_get_webinar_invalid_partner" time="0.349" /><testcase classname="backend.tests.test_done_for_you.TestFunnelLightAPI" name="test_get_funnel_light_partner_2" time="0.402" /><testcase classname="backend.tests.test_done_for_you.TestMasterclassAPI" name="test_get_masterclass_partner_2" time="0.382" /><testcase classname="backend.tests.test_done_for_you.TestVideocorsoAPI" name="test_get_videocorso_partner_2" time="0.469" /><testcase classname="backend.tests.test_done_for_you.TestLancioAPI" name="test_get_lancio_partner_2" time="0.677" /></testsuite></testsuites>