<?xml version="1.0" encoding="utf-8"?><testsuites name="pytest tests"><testsuite name="pytest" errors="0" failures="0" skipped="0" tests="12" time="7.324" timestamp="2026-02-18T17:26:28.292094+00:00" hostname="agent-env-c1a61eab-8515-4315-8516-62d158ebaf65"><testcase classname="tests.test_bonus_contract_email.TestContractPDF" name="test_contract_pdf_returns_valid_pdf" time="0.716" /><testcase classname="tests.test_bonus_contract_email.TestContractPDF" name="test_contract_pdf_contains_partner_name" time="0.419" /><testcase classname="tests.test_bonus_contract_email.TestContractPDF" name="test_contract_pdf_invalid_partner_returns_404" time="0.239" /><testcase classname="tests.test_bonus_contract_email.TestWelcomeEmail" name="test_send_welcome_email_success" time="1.284" /><testcase classname="tests.test_bonus_contract_email.TestWelcomeEmail" name="test_send_welcome_email_invalid_partner_returns_404" time="0.279" /><testcase classname="tests.test_bonus_contract_email.TestWelcomeEmail" name="test_email_log_created" time="1.622" /><testcase classname="tests.test_bonus_contract_email.TestPartnerDataForBonus" name="test_get_partner_by_id" time="0.509" /><testcase classname="tests.test_bonus_contract_email.TestPartnerDataForBonus" name="test_get_all_partners" time="0.306" /><testcase classname="tests.test_bonus_contract_email.TestAuthentication" name="test_admin_login" time="0.600" /><testcase classname="tests.test_bonus_contract_email.TestAuthentication" name="test_partner_login" time="0.631" /><testcase classname="tests.test_bonus_contract_email.TestOnboardingStatus" name="test_get_onboarding_status" time="0.294" /><testcase classname="tests.test_bonus_contract_email.TestFilesEndpoint" name="test_get_partner_files" time="0.348" /></testsuite></testsuites>