<?xml version="1.0" encoding="utf-8"?><testsuites name="pytest tests"><testsuite name="pytest" errors="0" failures="0" skipped="0" tests="10" time="4.725" timestamp="2026-04-08T14:22:18.515505+00:00" hostname="agent-env-67babe8f-cd97-42b3-a086-a602f3f2bcaf"><testcase classname="backend.tests.test_iteration_32.TestBackendHealth" name="test_health_endpoint" time="0.149" /><testcase classname="backend.tests.test_iteration_32.TestBackendHealth" name="test_admin_login" time="0.573" /><testcase classname="backend.tests.test_iteration_32.TestBackendHealth" name="test_partners_endpoint" time="0.558" /><testcase classname="backend.tests.test_iteration_32.TestBug3ConfermaStripeEndpoint" name="test_conferma_stripe_endpoint_exists" time="0.232" /><testcase classname="backend.tests.test_iteration_32.TestBug3ConfermaStripeEndpoint" name="test_conferma_stripe_with_valid_token" time="0.426" /><testcase classname="backend.tests.test_iteration_32.TestMod5StatusEndpoint" name="test_status_endpoint_returns_required_fields" time="1.127" /><testcase classname="backend.tests.test_iteration_32.TestLoginRoleRouting" name="test_admin_login_returns_correct_role" time="0.578" /><testcase classname="backend.tests.test_iteration_32.TestLoginRoleRouting" name="test_login_response_structure" time="0.587" /><testcase classname="backend.tests.test_iteration_32.TestPropostaEndpoints" name="test_proposta_get_by_token" time="0.223" /><testcase classname="backend.tests.test_iteration_32.TestPropostaEndpoints" name="test_proposta_invalid_token" time="0.220" /></testsuite></testsuites>