<?xml version="1.0" encoding="utf-8"?><testsuites name="pytest tests"><testsuite name="pytest" errors="0" failures="0" skipped="0" tests="14" time="12.483" timestamp="2026-03-12T18:59:24.017082+00:00" hostname="agent-env-1ac88e22-3eef-48c9-aba3-5e13da65876a"><testcase classname="backend.tests.test_cliente_analisi.TestClienteAnalisiRegistration" name="test_register_cliente_analisi_success" time="1.155" /><testcase classname="backend.tests.test_cliente_analisi.TestClienteAnalisiRegistration" name="test_register_duplicate_email_fails" time="1.285" /><testcase classname="backend.tests.test_cliente_analisi.TestClienteAnalisiRegistration" name="test_register_missing_fields_fails" time="0.105" /><testcase classname="backend.tests.test_cliente_analisi.TestClienteAnalisiQuestionario" name="test_submit_questionario_success" time="1.993" /><testcase classname="backend.tests.test_cliente_analisi.TestClienteAnalisiQuestionario" name="test_submit_questionario_invalid_user_fails" time="0.256" /><testcase classname="backend.tests.test_cliente_analisi.TestClienteAnalisiCheckout" name="test_create_checkout_session" time="1.942" /><testcase classname="backend.tests.test_cliente_analisi.TestClienteAnalisiCheckout" name="test_checkout_invalid_user_fails" time="0.238" /><testcase classname="backend.tests.test_cliente_analisi.TestClienteAnalisiStatus" name="test_get_status_success" time="1.361" /><testcase classname="backend.tests.test_cliente_analisi.TestClienteAnalisiStatus" name="test_get_status_invalid_user_fails" time="0.324" /><testcase classname="backend.tests.test_cliente_analisi.TestPartnerLogin" name="test_partner_login_success" time="0.643" /><testcase classname="backend.tests.test_cliente_analisi.TestPartnerLogin" name="test_partner_login_invalid_credentials_fails" time="0.236" /><testcase classname="backend.tests.test_cliente_analisi.TestSecuritySeparation" name="test_cliente_analisi_cannot_access_partner_endpoints" time="1.070" /><testcase classname="backend.tests.test_cliente_analisi.TestSecuritySeparation" name="test_user_types_are_distinct" time="1.639" /><testcase classname="backend.tests.test_cliente_analisi.TestAPIHealth" name="test_api_health" time="0.155" /></testsuite></testsuites>