<?xml version="1.0" encoding="utf-8"?><testsuites name="pytest tests"><testsuite name="pytest" errors="0" failures="0" skipped="0" tests="20" time="36.511" timestamp="2026-03-24T12:29:39.683352+00:00" hostname="agent-env-48664b8f-5efe-43bb-8f22-1f8adb57459b"><testcase classname="backend.tests.test_post_payment_automation_v2.TestStripeWebhook" name="test_stripe_webhook_endpoint_exists" time="8.529" /><testcase classname="backend.tests.test_post_payment_automation_v2.TestStripeWebhook" name="test_stripe_webhook_invalid_payload" time="0.146" /><testcase classname="backend.tests.test_post_payment_automation_v2.TestAnalisiPaymentSimulation" name="test_payment_simulation_user_not_found" time="3.133" /><testcase classname="backend.tests.test_post_payment_automation_v2.TestAnalisiPaymentSimulation" name="test_payment_simulation_success" time="3.854" /><testcase classname="backend.tests.test_post_payment_automation_v2.TestAnalisiPaymentSimulation" name="test_automation_status_check" time="5.628" /><testcase classname="backend.tests.test_post_payment_automation_v2.TestAnalisiPaymentSimulation" name="test_automation_status_user_not_found" time="3.178" /><testcase classname="backend.tests.test_post_payment_automation_v2.TestPartnershipActivation" name="test_partnership_activation_no_contract" time="2.019" /><testcase classname="backend.tests.test_post_payment_automation_v2.TestPartnershipActivation" name="test_partnership_activation_user_not_found" time="2.115" /><testcase classname="backend.tests.test_post_payment_automation_v2.TestDiscoveryAutoApprove" name="test_trigger_auto_approve" time="2.296" /><testcase classname="backend.tests.test_post_payment_automation_v2.TestLeadEmailSequence" name="test_start_email_sequence_success" time="1.370" /><testcase classname="backend.tests.test_post_payment_automation_v2.TestLeadEmailSequence" name="test_start_email_sequence_duplicate" time="1.546" /><testcase classname="backend.tests.test_post_payment_automation_v2.TestLeadEmailSequence" name="test_start_email_sequence_lead_not_found" time="0.685" /><testcase classname="backend.tests.test_post_payment_automation_v2.TestEmailTemplates" name="test_list_email_templates" time="0.240" /><testcase classname="backend.tests.test_post_payment_automation_v2.TestEmailTemplates" name="test_get_partnership_welcome_template" time="0.249" /><testcase classname="backend.tests.test_post_payment_automation_v2.TestEmailTemplates" name="test_get_analisi_welcome_template" time="0.213" /><testcase classname="backend.tests.test_post_payment_automation_v2.TestEmailTemplates" name="test_get_nonexistent_template" time="0.227" /><testcase classname="backend.tests.test_post_payment_automation_v2.TestEmailTemplates" name="test_preview_template" time="0.114" /><testcase classname="backend.tests.test_post_payment_automation_v2.TestSystemeIOIntegration" name="test_systeme_client_import" time="0.051" /><testcase classname="backend.tests.test_post_payment_automation_v2.TestCeleryTasksExist" name="test_celery_status_endpoint" time="0.785" /><testcase classname="backend.tests.test_post_payment_automation_v2.TestCeleryTasksExist" name="test_celery_tasks_module" time="0.054" /></testsuite></testsuites>