<?xml version="1.0" encoding="utf-8"?><testsuites name="pytest tests"><testsuite name="pytest" errors="0" failures="0" skipped="0" tests="13" time="48.869" timestamp="2026-03-29T22:04:16.461730+00:00" hostname="agent-env-67babe8f-cd97-42b3-a086-a602f3f2bcaf"><testcase classname="backend.tests.test_proposta.TestPropostaEndpoints" name="test_get_proposta_valid_token" time="10.492" /><testcase classname="backend.tests.test_proposta.TestPropostaEndpoints" name="test_get_proposta_invalid_token" time="0.315" /><testcase classname="backend.tests.test_proposta.TestPropostaEndpoints" name="test_genera_proposta" time="0.582" /><testcase classname="backend.tests.test_proposta.TestPropostaEndpoints" name="test_accetta_proposta" time="0.774" /><testcase classname="backend.tests.test_proposta.TestPropostaEndpoints" name="test_scelta_bonifico" time="0.369" /><testcase classname="backend.tests.test_proposta.TestPropostaEndpoints" name="test_firma_contratto" time="33.723" /><testcase classname="backend.tests.test_proposta.TestPropostaEndpoints" name="test_admin_lista_proposte" time="0.298" /><testcase classname="backend.tests.test_proposta.TestContractTextEndpoint" name="test_get_contract_text" time="0.244" /><testcase classname="backend.tests.test_proposta.TestContractTextEndpoint" name="test_get_contract_text_invalid_partner" time="0.295" /><testcase classname="backend.tests.test_proposta.TestPropostaGenerationFlow" name="test_full_flow_new_proposal" time="1.110" /><testcase classname="backend.tests.test_proposta.TestPropostaInvalidToken" name="test_empty_token" time="0.115" /><testcase classname="backend.tests.test_proposta.TestPropostaInvalidToken" name="test_special_characters_token" time="0.228" /><testcase classname="backend.tests.test_proposta.TestPropostaInvalidToken" name="test_very_long_token" time="0.250" /></testsuite></testsuites>