<?xml version="1.0" encoding="utf-8"?><testsuites name="pytest tests"><testsuite name="pytest" errors="0" failures="0" skipped="0" tests="13" time="37.574" timestamp="2026-03-12T23:45:20.402255+00:00" hostname="agent-env-bc621b9f-d1f3-45cc-8623-f90d63b510ee"><testcase classname="backend.tests.test_admin_clienti_analisi.TestAdminClientiAnalisiPanel" name="test_01_get_clienti_analisi_list" time="0.859" /><testcase classname="backend.tests.test_admin_clienti_analisi.TestAdminClientiAnalisiPanel" name="test_02_verify_test_cliente_exists" time="0.682" /><testcase classname="backend.tests.test_admin_clienti_analisi.TestAdminClientiAnalisiPanel" name="test_03_get_cliente_detail" time="0.394" /><testcase classname="backend.tests.test_admin_clienti_analisi.TestAdminClientiAnalisiPanel" name="test_04_genera_analisi_ai" time="31.813" /><testcase classname="backend.tests.test_admin_clienti_analisi.TestAdminClientiAnalisiPanel" name="test_05_salva_analisi" time="0.696" /><testcase classname="backend.tests.test_admin_clienti_analisi.TestAdminClientiAnalisiPanel" name="test_06_scarica_pdf" time="0.575" /><testcase classname="backend.tests.test_admin_clienti_analisi.TestAdminClientiAnalisiPanel" name="test_07_aggiorna_stato_call" time="0.505" /><testcase classname="backend.tests.test_admin_clienti_analisi.TestAdminClientiAnalisiPanel" name="test_08_stato_call_fissata" time="0.235" /><testcase classname="backend.tests.test_admin_clienti_analisi.TestAdminClientiAnalisiPanel" name="test_09_stato_call_completata" time="0.289" /><testcase classname="backend.tests.test_admin_clienti_analisi.TestAdminClientiAnalisiPanel" name="test_10_stato_call_invalid" time="0.164" /><testcase classname="backend.tests.test_admin_clienti_analisi.TestAdminClientiAnalisiPanel" name="test_11_genera_analisi_without_payment" time="0.262" /><testcase classname="backend.tests.test_admin_clienti_analisi.TestAdminClientiAnalisiPanel" name="test_12_pdf_without_analysis" time="0.240" /><testcase classname="backend.tests.test_admin_clienti_analisi.TestAdminClientiAnalisiFilters" name="test_filter_by_stats" time="0.797" /></testsuite></testsuites>