<?xml version="1.0" encoding="utf-8"?><testsuites name="pytest tests"><testsuite name="pytest" errors="0" failures="0" skipped="0" tests="19" time="31.151" timestamp="2026-03-24T11:08:31.027150+00:00" hostname="agent-env-48664b8f-5efe-43bb-8f22-1f8adb57459b"><testcase classname="tests.test_lead_auto_approve_email_sequence.TestAutoApproveSettings" name="test_get_auto_approve_settings" time="8.902" /><testcase classname="tests.test_lead_auto_approve_email_sequence.TestAutoApproveSettings" name="test_update_auto_approve_settings" time="0.819" /><testcase classname="tests.test_lead_auto_approve_email_sequence.TestAutoApproveSettings" name="test_update_auto_approve_disable" time="0.438" /><testcase classname="tests.test_lead_auto_approve_email_sequence.TestTriggerAutoApprove" name="test_trigger_auto_approve_job" time="2.290" /><testcase classname="tests.test_lead_auto_approve_email_sequence.TestEmailSequence" name="test_start_email_sequence" time="1.767" /><testcase classname="tests.test_lead_auto_approve_email_sequence.TestEmailSequence" name="test_start_email_sequence_already_started" time="1.732" /><testcase classname="tests.test_lead_auto_approve_email_sequence.TestEmailSequence" name="test_stop_email_sequence" time="2.046" /><testcase classname="tests.test_lead_auto_approve_email_sequence.TestEmailSequence" name="test_start_sequence_nonexistent_lead" time="0.874" /><testcase classname="tests.test_lead_auto_approve_email_sequence.TestEmailSequence" name="test_stop_sequence_nonexistent_lead" time="0.906" /><testcase classname="tests.test_lead_auto_approve_email_sequence.TestEmailTemplates" name="test_list_email_templates_includes_lead_sequence" time="0.227" /><testcase classname="tests.test_lead_auto_approve_email_sequence.TestEmailTemplates" name="test_get_lead_sequence_email_1" time="0.252" /><testcase classname="tests.test_lead_auto_approve_email_sequence.TestEmailTemplates" name="test_get_lead_sequence_email_2" time="0.215" /><testcase classname="tests.test_lead_auto_approve_email_sequence.TestEmailTemplates" name="test_get_lead_sequence_email_3" time="0.214" /><testcase classname="tests.test_lead_auto_approve_email_sequence.TestEmailTemplates" name="test_get_lead_sequence_email_4" time="0.218" /><testcase classname="tests.test_lead_auto_approve_email_sequence.TestEmailTemplates" name="test_get_nonexistent_template" time="0.212" /><testcase classname="tests.test_lead_auto_approve_email_sequence.TestCeleryIntegration" name="test_celery_status" time="0.772" /><testcase classname="tests.test_lead_auto_approve_email_sequence.TestCeleryIntegration" name="test_email_sequence_celery_task_execution" time="6.748" /><testcase classname="tests.test_lead_auto_approve_email_sequence.TestLeadCRUD" name="test_create_lead_with_high_score" time="0.674" /><testcase classname="tests.test_lead_auto_approve_email_sequence.TestLeadCRUD" name="test_get_lead_with_sequence_info" time="1.755" /></testsuite></testsuites>