<?xml version="1.0" encoding="utf-8"?><testsuites name="pytest tests"><testsuite name="pytest" errors="0" failures="0" skipped="0" tests="9" time="18.366" timestamp="2026-04-10T08:21:30.013101+00:00" hostname="agent-env-67babe8f-cd97-42b3-a086-a602f3f2bcaf"><testcase classname="backend.tests.test_videocorso_update_course.TestVideocorsoUpdateCourse" name="test_get_videocorso_partner_2_returns_course_data" time="9.448" /><testcase classname="backend.tests.test_videocorso_update_course.TestVideocorsoUpdateCourse" name="test_update_course_endpoint_exists" time="0.815" /><testcase classname="backend.tests.test_videocorso_update_course.TestVideocorsoUpdateCourse" name="test_update_course_adds_module" time="1.568" /><testcase classname="backend.tests.test_videocorso_update_course.TestVideocorsoUpdateCourse" name="test_update_course_adds_lesson" time="1.589" /><testcase classname="backend.tests.test_videocorso_update_course.TestVideocorsoUpdateCourse" name="test_update_course_removes_module" time="1.609" /><testcase classname="backend.tests.test_videocorso_update_course.TestVideocorsoUpdateCourse" name="test_update_course_invalid_partner_returns_404" time="0.334" /><testcase classname="backend.tests.test_videocorso_update_course.TestVideocorsoUpdateCourse" name="test_update_course_missing_partner_id_returns_422" time="0.102" /><testcase classname="backend.tests.test_videocorso_update_course.TestVideocorsoEndpointIntegrity" name="test_course_data_persists_after_update" time="1.592" /><testcase classname="backend.tests.test_videocorso_update_course.TestVideocorsoEndpointIntegrity" name="test_course_approved_status_preserved_after_update" time="1.240" /></testsuite></testsuites>