<?xml version="1.0" encoding="utf-8"?><testsuites name="pytest tests"><testsuite name="pytest" errors="0" failures="0" skipped="0" tests="14" time="11.063" timestamp="2026-04-09T09:35:47.786868+00:00" hostname="agent-env-67babe8f-cd97-42b3-a086-a602f3f2bcaf"><testcase classname="backend.tests.test_post_analisi_partnership.TestContractTextEndpoint" name="test_contract_text_requires_auth" time="6.375" /><testcase classname="backend.tests.test_post_analisi_partnership.TestContractTextEndpoint" name="test_contract_text_returns_text_and_corrispettivo" time="0.926" /><testcase classname="backend.tests.test_post_analisi_partnership.TestContractTextEndpoint" name="test_contract_text_contains_articles" time="0.228" /><testcase classname="backend.tests.test_post_analisi_partnership.TestContractTextEndpoint" name="test_contract_text_404_for_invalid_user" time="0.218" /><testcase classname="backend.tests.test_post_analisi_partnership.TestPartnershipFirmaEndpoint" name="test_firma_requires_auth" time="0.104" /><testcase classname="backend.tests.test_post_analisi_partnership.TestPartnershipFirmaEndpoint" name="test_firma_requires_firma_base64" time="0.163" /><testcase classname="backend.tests.test_post_analisi_partnership.TestPartnershipFirmaEndpoint" name="test_firma_success" time="0.224" /><testcase classname="backend.tests.test_post_analisi_partnership.TestPartnershipCheckoutEndpoint" name="test_checkout_requires_auth" time="0.136" /><testcase classname="backend.tests.test_post_analisi_partnership.TestPartnershipCheckoutEndpoint" name="test_checkout_creates_stripe_session" time="0.426" /><testcase classname="backend.tests.test_post_analisi_partnership.TestPartnershipBonificoEndpoint" name="test_bonifico_requires_auth" time="0.103" /><testcase classname="backend.tests.test_post_analisi_partnership.TestPartnershipBonificoEndpoint" name="test_bonifico_returns_iban_details" time="0.324" /><testcase classname="backend.tests.test_post_analisi_partnership.TestContractChatEndpoint" name="test_contract_chat_endpoint_exists" time="1.319" /><testcase classname="backend.tests.test_post_analisi_partnership.TestClienteAnalisiOutputEndpoint" name="test_output_endpoint_exists" time="0.237" /><testcase classname="backend.tests.test_post_analisi_partnership.TestClienteAnalisiPdfEndpoint" name="test_pdf_endpoint_exists" time="0.208" /></testsuite></testsuites>