<?xml version="1.0" encoding="utf-8"?><testsuites name="pytest tests"><testsuite name="pytest" errors="0" failures="0" skipped="0" tests="7" time="30.011" timestamp="2026-04-10T14:24:34.231746+00:00" hostname="agent-env-67babe8f-cd97-42b3-a086-a602f3f2bcaf"><testcase classname="backend.tests.test_growth_system_ottimizzazione.TestOttimizzazioneEndpoints" name="test_get_ottimizzazione_success" time="17.503" /><testcase classname="backend.tests.test_growth_system_ottimizzazione.TestOttimizzazioneEndpoints" name="test_get_ottimizzazione_invalid_partner" time="0.274" /><testcase classname="backend.tests.test_growth_system_ottimizzazione.TestOttimizzazioneEndpoints" name="test_salva_protocollo_success" time="0.466" /><testcase classname="backend.tests.test_growth_system_ottimizzazione.TestOttimizzazioneEndpoints" name="test_salva_protocollo_verify_persistence" time="10.822" /><testcase classname="backend.tests.test_growth_system_ottimizzazione.TestOttimizzazioneEndpoints" name="test_salva_protocollo_invalid_partner" time="0.275" /><testcase classname="backend.tests.test_growth_system_ottimizzazione.TestOttimizzazioneEndpoints" name="test_salva_protocollo_empty_checklist" time="0.490" /><testcase classname="backend.tests.test_growth_system_ottimizzazione.TestHealthCheck" name="test_api_health" time="0.119" /></testsuite></testsuites>