<?xml version="1.0" encoding="utf-8"?><testsuites name="pytest tests"><testsuite name="pytest" errors="0" failures="0" skipped="0" tests="15" time="14.213" timestamp="2026-04-09T10:13:37.847473+00:00" hostname="agent-env-67babe8f-cd97-42b3-a086-a602f3f2bcaf"><testcase classname="tests.test_audio_analisi_pdf.TestAuthentication" name="test_admin_login" time="7.318" /><testcase classname="tests.test_audio_analisi_pdf.TestAuthentication" name="test_client_login" time="0.647" /><testcase classname="tests.test_audio_analisi_pdf.TestAudioAnalisiUpload" name="test_upload_audio_requires_auth" time="0.116" /><testcase classname="tests.test_audio_analisi_pdf.TestAudioAnalisiUpload" name="test_upload_audio_requires_admin" time="0.785" /><testcase classname="tests.test_audio_analisi_pdf.TestAudioAnalisiUpload" name="test_upload_audio_success" time="1.024" /><testcase classname="tests.test_audio_analisi_pdf.TestAudioAnalisiUpload" name="test_get_audio_status" time="0.773" /><testcase classname="tests.test_audio_analisi_pdf.TestStatoCliente" name="test_get_stato_cliente" time="0.896" /><testcase classname="tests.test_audio_analisi_pdf.TestScoringFunction" name="test_scoring_idoneo" time="0.001" /><testcase classname="tests.test_audio_analisi_pdf.TestScoringFunction" name="test_scoring_idoneo_con_riserva" time="0.000" /><testcase classname="tests.test_audio_analisi_pdf.TestScoringFunction" name="test_scoring_non_idoneo" time="0.000" /><testcase classname="tests.test_audio_analisi_pdf.TestPDFGenerator" name="test_pdf_generation_basic" time="0.077" /><testcase classname="tests.test_audio_analisi_pdf.TestPDFGenerator" name="test_pdf_generation_all_levels" time="0.018" /><testcase classname="tests.test_audio_analisi_pdf.TestProspectPipelineEndpoint" name="test_prospect_pipeline_loads" time="0.891" /><testcase classname="tests.test_audio_analisi_pdf.TestClienteAnalisiOutput" name="test_get_analisi_output" time="0.814" /><testcase classname="tests.test_audio_analisi_pdf.TestPDFDownload" name="test_pdf_download_endpoint" time="0.782" /></testsuite></testsuites>