<?xml version="1.0" encoding="utf-8"?><testsuites name="pytest tests"><testsuite name="pytest" errors="0" failures="0" skipped="0" tests="12" time="16.753" timestamp="2026-04-10T22:12:32.511884+00:00" hostname="agent-env-67babe8f-cd97-42b3-a086-a602f3f2bcaf"><testcase classname="backend.tests.test_stripe_growth_system.TestStripeCheckout" name="test_checkout_with_valid_user_id" time="8.796" /><testcase classname="backend.tests.test_stripe_growth_system.TestStripeCheckout" name="test_checkout_with_second_valid_user" time="0.669" /><testcase classname="backend.tests.test_stripe_growth_system.TestStripeCheckout" name="test_checkout_with_invalid_user_id" time="0.238" /><testcase classname="backend.tests.test_stripe_growth_system.TestGrowthLevelGet" name="test_get_growth_level_existing_partner" time="0.230" /><testcase classname="backend.tests.test_stripe_growth_system.TestGrowthLevelGet" name="test_get_growth_level_non_existent_partner" time="0.238" /><testcase classname="backend.tests.test_stripe_growth_system.TestGrowthLevelChoose" name="test_choose_foundation_level" time="0.949" /><testcase classname="backend.tests.test_stripe_growth_system.TestGrowthLevelChoose" name="test_choose_growth_level" time="0.979" /><testcase classname="backend.tests.test_stripe_growth_system.TestGrowthLevelChoose" name="test_choose_scale_level" time="0.893" /><testcase classname="backend.tests.test_stripe_growth_system.TestGrowthLevelChoose" name="test_choose_invalid_level" time="0.112" /><testcase classname="backend.tests.test_stripe_growth_system.TestGrowthLevelChoose" name="test_choose_non_existent_partner" time="0.223" /><testcase classname="backend.tests.test_stripe_growth_system.TestGrowthLevelChoose" name="test_verify_level_persisted" time="1.155" /><testcase classname="backend.tests.test_stripe_growth_system.TestIntegration" name="test_full_growth_level_flow" time="2.196" /></testsuite></testsuites>