<?xml version="1.0" encoding="utf-8"?><testsuites name="pytest tests"><testsuite name="pytest" errors="0" failures="0" skipped="0" tests="11" time="5.104" timestamp="2026-04-10T16:37:49.583899+00:00" hostname="agent-env-67babe8f-cd97-42b3-a086-a602f3f2bcaf"><testcase classname="backend.tests.test_funnel_light.TestFunnelLightEndpoints" name="test_get_funnel_light_partner_2_has_data" time="0.555" /><testcase classname="backend.tests.test_funnel_light.TestFunnelLightEndpoints" name="test_get_funnel_light_partner_3_no_data" time="0.348" /><testcase classname="backend.tests.test_funnel_light.TestFunnelLightEndpoints" name="test_get_funnel_light_invalid_partner" time="0.347" /><testcase classname="backend.tests.test_funnel_light.TestFunnelLightEndpoints" name="test_generate_funnel_light_partner_3" time="0.459" /><testcase classname="backend.tests.test_funnel_light.TestFunnelLightEndpoints" name="test_generate_funnel_light_invalid_partner" time="0.340" /><testcase classname="backend.tests.test_funnel_light.TestFunnelLightEndpoints" name="test_publish_funnel_light_partner_3" time="1.390" /><testcase classname="backend.tests.test_funnel_light.TestFunnelLightEndpoints" name="test_publish_funnel_light_without_generate" time="0.331" /><testcase classname="backend.tests.test_funnel_light.TestFunnelLightEndpoints" name="test_verify_published_funnel_has_url" time="0.474" /><testcase classname="backend.tests.test_funnel_light.TestStepConfigOrder" name="test_partners_endpoint_works" time="0.341" /><testcase classname="backend.tests.test_funnel_light.TestStepConfigOrder" name="test_partner_2_exists" time="0.239" /><testcase classname="backend.tests.test_funnel_light.TestStepConfigOrder" name="test_partner_3_exists" time="0.221" /></testsuite></testsuites>