<?xml version="1.0" encoding="utf-8"?><testsuites name="pytest tests"><testsuite name="pytest" errors="0" failures="2" skipped="0" tests="6" time="6.637" timestamp="2026-03-13T08:26:31.349289+00:00" hostname="agent-env-bc621b9f-d1f3-45cc-8623-f90d63b510ee"><testcase classname="backend.tests.test_analisi_pronta_flow.TestAnalisiProntaBackend" name="test_cliente_has_analisi_generata" time="0.740"><failure message="AssertionError: Failed to get user profile: {&quot;detail&quot;:&quot;Token non fornito&quot;}&#10;assert 401 == 200&#10; +  where 401 = &lt;Response [401]&gt;.status_code">backend/tests/test_analisi_pronta_flow.py:63: in test_cliente_has_analisi_generata
    assert response.status_code == 200, f"Failed to get user profile: {response.text}"
E   AssertionError: Failed to get user profile: {"detail":"Token non fornito"}
E   assert 401 == 200
E    +  where 401 = &lt;Response [401]&gt;.status_code</failure></testcase><testcase classname="backend.tests.test_analisi_pronta_flow.TestAnalisiProntaBackend" name="test_salva_analisi_returns_email_sent" time="1.640" /><testcase classname="backend.tests.test_analisi_pronta_flow.TestAnalisiProntaBackend" name="test_send_reminders_endpoint" time="0.620" /><testcase classname="backend.tests.test_analisi_pronta_flow.TestAnalisiProntaBackend" name="test_admin_view_cliente_with_analisi" time="1.631" /><testcase classname="backend.tests.test_analisi_pronta_flow.TestAnalisiProntaBackend" name="test_stats_include_analisi_pronta" time="1.341" /><testcase classname="backend.tests.test_analisi_pronta_flow.TestClienteDashboardState" name="test_cliente_login_returns_correct_state" time="0.593"><failure message="AssertionError: pagamento_analisi field missing&#10;assert 'pagamento_analisi' in {'admin_type': None, 'email': 'att2_1773352332@test.com', 'id': '0aad124a-4fd2-4159-b75a-86b3481ddb5f', 'is_active': True, ...}">backend/tests/test_analisi_pronta_flow.py:246: in test_cliente_login_returns_correct_state
    assert "pagamento_analisi" in user, "pagamento_analisi field missing"
E   AssertionError: pagamento_analisi field missing
E   assert 'pagamento_analisi' in {'admin_type': None, 'email': 'att2_1773352332@test.com', 'id': '0aad124a-4fd2-4159-b75a-86b3481ddb5f', 'is_active': True, ...}</failure></testcase></testsuite></testsuites>