<?xml version="1.0" encoding="utf-8"?><testsuites name="pytest tests"><testsuite name="pytest" errors="0" failures="0" skipped="0" tests="20" time="19.786" timestamp="2026-03-24T16:50:30.031050+00:00" hostname="agent-env-48664b8f-5efe-43bb-8f22-1f8adb57459b"><testcase classname="backend.tests.test_youtube_discovery.TestYouTubeDiscoveryEngine" name="test_01_health_check" time="7.346" /><testcase classname="backend.tests.test_youtube_discovery.TestYouTubeDiscoveryEngine" name="test_02_discovery_leads_endpoint_exists" time="0.493" /><testcase classname="backend.tests.test_youtube_discovery.TestYouTubeDiscoveryEngine" name="test_03_discovery_hot_leads_endpoint_exists" time="0.263" /><testcase classname="backend.tests.test_youtube_discovery.TestYouTubeDiscoveryEngine" name="test_04_youtube_search_with_real_query" time="1.457" /><testcase classname="backend.tests.test_youtube_discovery.TestYouTubeDiscoveryEngine" name="test_05_youtube_search_different_query" time="1.531" /><testcase classname="backend.tests.test_youtube_discovery.TestYouTubeDiscoveryEngine" name="test_06_deduplication_same_query" time="3.079" /><testcase classname="backend.tests.test_youtube_discovery.TestYouTubeDiscoveryEngine" name="test_07_get_youtube_leads_only" time="0.474" /><testcase classname="backend.tests.test_youtube_discovery.TestYouTubeDiscoveryEngine" name="test_08_youtube_lead_has_required_fields" time="0.332" /><testcase classname="backend.tests.test_youtube_discovery.TestYouTubeDiscoveryEngine" name="test_09_score_calculation_range" time="0.358" /><testcase classname="backend.tests.test_youtube_discovery.TestYouTubeDiscoveryEngine" name="test_10_high_score_leads_have_hot_status" time="0.391" /><testcase classname="backend.tests.test_youtube_discovery.TestYouTubeDiscoveryEngine" name="test_11_hot_leads_have_high_score" time="0.217" /><testcase classname="backend.tests.test_youtube_discovery.TestYouTubeDiscoveryEngine" name="test_12_hot_leads_sorted_by_score" time="0.222" /><testcase classname="backend.tests.test_youtube_discovery.TestYouTubeDiscoveryEngine" name="test_13_system_alerts_exist" time="0.192" /><testcase classname="backend.tests.test_youtube_discovery.TestYouTubeDiscoveryEngine" name="test_14_get_single_youtube_lead" time="0.509" /><testcase classname="backend.tests.test_youtube_discovery.TestYouTubeDiscoveryEngine" name="test_15_lead_not_found_returns_404" time="0.228" /><testcase classname="backend.tests.test_youtube_discovery.TestYouTubeDiscoveryEngine" name="test_16_youtube_lead_score_factors" time="0.407" /><testcase classname="backend.tests.test_youtube_discovery.TestYouTubeDiscoveryEngine" name="test_17_youtube_search_with_follower_filter" time="0.806" /><testcase classname="backend.tests.test_youtube_discovery.TestYouTubeDiscoveryEngine" name="test_18_search_invalid_source_handled" time="0.172" /><testcase classname="backend.tests.test_youtube_discovery.TestYouTubeDiscoveryEngine" name="test_19_discovery_stats_today" time="1.055" /><testcase classname="backend.tests.test_youtube_discovery.TestYouTubeDiscoveryEngine" name="test_20_discovery_stats_overview" time="0.183" /></testsuite></testsuites>