<?xml version="1.0" encoding="utf-8"?><testsuites name="pytest tests"><testsuite name="pytest" errors="0" failures="0" skipped="0" tests="17" time="23.056" timestamp="2026-04-09T15:22:07.721413+00:00" hostname="agent-env-67babe8f-cd97-42b3-a086-a602f3f2bcaf"><testcase classname="backend.tests.test_partner_progress.TestPartnerProgressAPI" name="test_get_progress_returns_200" time="7.128" /><testcase classname="backend.tests.test_partner_progress.TestPartnerProgressAPI" name="test_get_progress_returns_partner_info" time="0.828" /><testcase classname="backend.tests.test_partner_progress.TestPartnerProgressAPI" name="test_get_progress_returns_5_macro_steps" time="0.806" /><testcase classname="backend.tests.test_partner_progress.TestPartnerProgressAPI" name="test_get_progress_returns_micro_steps_config" time="0.751" /><testcase classname="backend.tests.test_partner_progress.TestPartnerProgressAPI" name="test_get_progress_macro_step_has_status" time="0.734" /><testcase classname="backend.tests.test_partner_progress.TestPartnerProgressAPI" name="test_get_progress_macro_step_has_micro_steps" time="0.739" /><testcase classname="backend.tests.test_partner_progress.TestPartnerProgressAPI" name="test_get_progress_404_for_nonexistent_partner" time="0.740" /><testcase classname="backend.tests.test_partner_progress.TestPartnerProgressAPI" name="test_patch_progress_updates_micro_step" time="1.069" /><testcase classname="backend.tests.test_partner_progress.TestPartnerProgressAPI" name="test_patch_progress_returns_new_phase" time="1.148" /><testcase classname="backend.tests.test_partner_progress.TestPartnerProgressAPI" name="test_patch_progress_returns_macro_step_status" time="0.875" /><testcase classname="backend.tests.test_partner_progress.TestPartnerProgressAPI" name="test_patch_progress_auto_computes_macro_status" time="1.464" /><testcase classname="backend.tests.test_partner_progress.TestPartnerProgressAPI" name="test_patch_progress_auto_syncs_phase" time="1.707" /><testcase classname="backend.tests.test_partner_progress.TestPartnerProgressAPI" name="test_patch_progress_invalid_macro_step" time="0.676" /><testcase classname="backend.tests.test_partner_progress.TestPartnerProgressAPI" name="test_patch_progress_invalid_micro_step" time="0.641" /><testcase classname="backend.tests.test_partner_progress.TestPartnerProgressAPI" name="test_patch_progress_invalid_status" time="0.649" /><testcase classname="backend.tests.test_partner_progress.TestPartnerProgressAPI" name="test_patch_progress_404_for_nonexistent_partner" time="0.763" /><testcase classname="backend.tests.test_partner_progress.TestPartnerProgressPhaseMapping" name="test_phase_mapping_posizionamento_to_f3" time="2.261" /></testsuite></testsuites>