<?xml version="1.0" encoding="utf-8"?><testsuites name="pytest tests"><testsuite name="pytest" errors="0" failures="0" skipped="0" tests="14" time="25.085" timestamp="2026-04-09T10:59:46.993834+00:00" hostname="agent-env-67babe8f-cd97-42b3-a086-a602f3f2bcaf"><testcase classname="backend.tests.test_proposta_page.TestPersonalDataEndpoints" name="test_save_personal_data_success" time="6.937" /><testcase classname="backend.tests.test_proposta_page.TestPersonalDataEndpoints" name="test_save_personal_data_missing_required_field" time="0.098" /><testcase classname="backend.tests.test_proposta_page.TestPersonalDataEndpoints" name="test_get_personal_data_success" time="0.272" /><testcase classname="backend.tests.test_proposta_page.TestContractTextEndpoint" name="test_get_contract_text_success" time="0.248" /><testcase classname="backend.tests.test_proposta_page.TestPartnershipFirmaEndpoint" name="test_partnership_firma_success" time="0.218" /><testcase classname="backend.tests.test_proposta_page.TestDocumentUploadEndpoints" name="test_upload_document_identita" time="0.227" /><testcase classname="backend.tests.test_proposta_page.TestDocumentUploadEndpoints" name="test_upload_document_codice_fiscale" time="0.248" /><testcase classname="backend.tests.test_proposta_page.TestDocumentUploadEndpoints" name="test_upload_document_distinta_pagamento" time="0.210" /><testcase classname="backend.tests.test_proposta_page.TestDocumentUploadEndpoints" name="test_upload_document_invalid_tipo" time="0.106" /><testcase classname="backend.tests.test_proposta_page.TestDocumentUploadEndpoints" name="test_get_documents_success" time="0.286" /><testcase classname="backend.tests.test_proposta_page.TestPartnershipBonificoEndpoint" name="test_partnership_bonifico_success" time="0.351" /><testcase classname="backend.tests.test_proposta_page.TestSendSignedContractEndpoint" name="test_send_signed_contract_success" time="15.562" /><testcase classname="backend.tests.test_proposta_page.TestAuthenticationRequired" name="test_save_personal_data_no_auth" time="0.120" /><testcase classname="backend.tests.test_proposta_page.TestAuthenticationRequired" name="test_upload_document_no_auth" time="0.112" /></testsuite></testsuites>