<?xml version="1.0" encoding="utf-8"?><testsuites name="pytest tests"><testsuite name="pytest" errors="0" failures="0" skipped="0" tests="8" time="0.495" timestamp="2026-02-11T22:06:40.272916+00:00" hostname="agent-env-0fa1556e-d34b-4dd0-9920-b186fd821dd4"><testcase classname="backend.tests.test_course_builder.TestAgentsAPI" name="test_agents_endpoint" time="0.088" /><testcase classname="backend.tests.test_course_builder.TestAgentsAPI" name="test_agents_have_required_fields" time="0.042" /><testcase classname="backend.tests.test_course_builder.TestAgentsAPI" name="test_agents_status_values" time="0.044" /><testcase classname="backend.tests.test_course_builder.TestAgentsAPI" name="test_agents_budget_values" time="0.077" /><testcase classname="backend.tests.test_course_builder.TestControlEndpoint" name="test_control_endpoint" time="0.043" /><testcase classname="backend.tests.test_course_builder.TestPartnersAPI" name="test_partners_endpoint" time="0.058" /><testcase classname="backend.tests.test_course_builder.TestPartnersAPI" name="test_partner_has_required_fields" time="0.041" /><testcase classname="backend.tests.test_course_builder.TestStatsAPI" name="test_stats_endpoint" time="0.039" /></testsuite></testsuites>