<?xml version="1.0" encoding="utf-8"?><testsuites name="pytest tests"><testsuite name="pytest" errors="0" failures="0" skipped="0" tests="13" time="13.302" timestamp="2026-04-10T22:35:53.886980+00:00" hostname="agent-env-67babe8f-cd97-42b3-a086-a602f3f2bcaf"><testcase classname="backend.tests.test_contract_pdf_security.TestAdminAuthentication" name="test_admin_login_success" time="9.055" /><testcase classname="backend.tests.test_contract_pdf_security.TestAdminAuthentication" name="test_admin_login_invalid_credentials" time="0.302" /><testcase classname="backend.tests.test_contract_pdf_security.TestContractStatus" name="test_contract_status_signed_partner" time="1.226" /><testcase classname="backend.tests.test_contract_pdf_security.TestContractStatus" name="test_contract_status_nonexistent_partner" time="0.243" /><testcase classname="backend.tests.test_contract_pdf_security.TestContractPDF" name="test_get_contract_pdf_url" time="0.459" /><testcase classname="backend.tests.test_contract_pdf_security.TestContractPDF" name="test_download_contract_pdf" time="0.473" /><testcase classname="backend.tests.test_contract_pdf_security.TestContractPDF" name="test_download_pdf_nonexistent_partner" time="0.217" /><testcase classname="backend.tests.test_contract_pdf_security.TestContractSigning" name="test_sign_already_signed_contract" time="0.269" /><testcase classname="backend.tests.test_contract_pdf_security.TestStripeCheckout" name="test_checkout_with_valid_user" time="0.752" /><testcase classname="backend.tests.test_contract_pdf_security.TestStripeCheckout" name="test_checkout_with_invalid_user" time="0.226" /><testcase classname="backend.tests.test_contract_pdf_security.TestSecurityNoHardcodedCredentials" name="test_server_py_no_hardcoded_mongo_atlas" time="0.002" /><testcase classname="backend.tests.test_contract_pdf_security.TestSecurityNoHardcodedCredentials" name="test_env_file_has_required_vars" time="0.000" /><testcase classname="backend.tests.test_contract_pdf_security.TestSystemeNotifications" name="test_systeme_notifications_service_exists" time="0.000" /></testsuite></testsuites>