<?xml version="1.0" encoding="utf-8"?><testsuites name="pytest tests"><testsuite name="pytest" errors="0" failures="0" skipped="0" tests="16" time="7.674" timestamp="2026-03-28T17:18:19.082769+00:00" hostname="agent-env-67babe8f-cd97-42b3-a086-a602f3f2bcaf"><testcase classname="tests.test_funnel_builder.TestFunnelBuilderLandingPage" name="test_get_landing_page_returns_prefill" time="0.455" /><testcase classname="tests.test_funnel_builder.TestFunnelBuilderLandingPage" name="test_get_landing_page_nonexistent_partner" time="0.218" /><testcase classname="tests.test_funnel_builder.TestFunnelBuilderLandingPage" name="test_save_landing_page_draft" time="0.339" /><testcase classname="tests.test_funnel_builder.TestFunnelBuilderLandingPage" name="test_generate_landing_page_html" time="0.447" /><testcase classname="tests.test_funnel_builder.TestFunnelBuilderLandingPage" name="test_mark_landing_page_published" time="0.791" /><testcase classname="tests.test_funnel_builder.TestFunnelBuilderDocumentiLegali" name="test_get_documenti_legali_returns_prefill" time="0.228" /><testcase classname="tests.test_funnel_builder.TestFunnelBuilderDocumentiLegali" name="test_get_documenti_legali_nonexistent_partner" time="0.221" /><testcase classname="tests.test_funnel_builder.TestFunnelBuilderDocumentiLegali" name="test_save_documenti_legali_without_generation" time="0.340" /><testcase classname="tests.test_funnel_builder.TestFunnelBuilderDocumentiLegali" name="test_generate_documenti_legali" time="0.475" /><testcase classname="tests.test_funnel_builder.TestFunnelBuilderIntegration" name="test_full_landing_page_flow" time="1.629" /><testcase classname="tests.test_funnel_builder.TestFunnelBuilderIntegration" name="test_full_documenti_legali_flow" time="0.931" /><testcase classname="tests.test_funnel_builder.TestDashboardAPIFix" name="test_partners_endpoint_works" time="0.217" /><testcase classname="tests.test_funnel_builder.TestDashboardAPIFix" name="test_agents_endpoint_works" time="0.213" /><testcase classname="tests.test_funnel_builder.TestDashboardAPIFix" name="test_alerts_endpoint_works" time="0.344" /><testcase classname="tests.test_funnel_builder.TestDashboardAPIFix" name="test_stats_endpoint_works" time="0.530" /><testcase classname="tests.test_funnel_builder.TestDashboardAPIFix" name="test_modules_endpoint_works" time="0.232" /></testsuite></testsuites>