<?xml version="1.0" encoding="utf-8"?><testsuites name="pytest tests"><testsuite name="pytest" errors="0" failures="0" skipped="0" tests="7" time="3.628" timestamp="2026-03-13T16:17:15.879436+00:00" hostname="agent-env-2a92fd81-9169-41d0-bb25-e8fc66865339"><testcase classname="backend.tests.test_calendario_lancio.TestCalendarioLancioEndpoints" name="test_get_calendario_empty" time="0.439" /><testcase classname="backend.tests.test_calendario_lancio.TestCalendarioLancioEndpoints" name="test_generate_calendario" time="0.534" /><testcase classname="backend.tests.test_calendario_lancio.TestCalendarioLancioEndpoints" name="test_get_calendario_after_generation" time="0.892" /><testcase classname="backend.tests.test_calendario_lancio.TestCalendarioLancioEndpoints" name="test_calendario_settimane_structure" time="0.479" /><testcase classname="backend.tests.test_calendario_lancio.TestCalendarioLancioEndpoints" name="test_generate_calendario_invalid_partner" time="0.257" /><testcase classname="backend.tests.test_calendario_lancio.TestCalendarioLancioEndpoints" name="test_get_calendario_invalid_partner" time="0.235" /><testcase classname="backend.tests.test_calendario_lancio.TestLancioStatusEndpoint" name="test_get_lancio_status" time="0.736" /></testsuite></testsuites>