<?xml version="1.0" encoding="utf-8"?><testsuites name="pytest tests"><testsuite name="pytest" errors="0" failures="0" skipped="0" tests="14" time="9.151" timestamp="2026-03-27T15:10:16.633559+00:00" hostname="agent-env-67babe8f-cd97-42b3-a086-a602f3f2bcaf"><testcase classname="backend.tests.test_partner_documents_upload.TestPartnerDocumentsStatus" name="test_01_get_documents_status_partner_23" time="0.399" /><testcase classname="backend.tests.test_partner_documents_upload.TestPartnerDocumentsStatus" name="test_02_get_documents_status_invalid_partner" time="0.238" /><testcase classname="backend.tests.test_partner_documents_upload.TestPartnerDocumentsUpload" name="test_03_upload_identity_back_partner_23" time="0.974" /><testcase classname="backend.tests.test_partner_documents_upload.TestPartnerDocumentsUpload" name="test_04_upload_invalid_doc_type" time="0.152" /><testcase classname="backend.tests.test_partner_documents_upload.TestPartnerDocumentsUpload" name="test_05_upload_invalid_format" time="0.239" /><testcase classname="backend.tests.test_partner_documents_upload.TestPartnerDocumentsDelete" name="test_06_delete_uploaded_document" time="1.006" /><testcase classname="backend.tests.test_partner_documents_upload.TestPartnerDocumentsDelete" name="test_07_delete_verified_document_fails" time="0.587" /><testcase classname="backend.tests.test_partner_documents_upload.TestAdminDocumentsEndpoints" name="test_08_admin_get_documents_partner_23" time="0.344" /><testcase classname="backend.tests.test_partner_documents_upload.TestAdminDocumentsEndpoints" name="test_09_admin_verify_document" time="1.423" /><testcase classname="backend.tests.test_partner_documents_upload.TestAdminDocumentsEndpoints" name="test_10_admin_reject_document" time="1.375" /><testcase classname="backend.tests.test_partner_documents_upload.TestAdminDocumentsEndpoints" name="test_11_admin_verify_non_uploaded_fails" time="0.580" /><testcase classname="backend.tests.test_partner_documents_upload.TestSubmitForReview" name="test_12_submit_review_missing_required" time="0.690" /><testcase classname="backend.tests.test_partner_documents_upload.TestDocumentStatusValues" name="test_13_verify_status_values" time="0.358" /><testcase classname="backend.tests.test_partner_documents_upload.TestCleanup" name="test_99_cleanup_test_documents" time="0.722" /></testsuite></testsuites>