<?xml version="1.0" encoding="utf-8"?><testsuites name="pytest tests"><testsuite name="pytest" errors="0" failures="0" skipped="0" tests="9" time="10.188" timestamp="2026-04-10T08:53:49.518192+00:00" hostname="agent-env-67babe8f-cd97-42b3-a086-a602f3f2bcaf"><testcase classname="backend.tests.test_lancio_ai_driven.TestLancioAIDriven" name="test_get_lancio_returns_plan_data" time="5.668" /><testcase classname="backend.tests.test_lancio_ai_driven.TestLancioAIDriven" name="test_get_lancio_contenuti_pronti" time="0.735" /><testcase classname="backend.tests.test_lancio_ai_driven.TestLancioAIDriven" name="test_get_lancio_piano_ads" time="0.713" /><testcase classname="backend.tests.test_lancio_ai_driven.TestLancioAIDriven" name="test_get_lancio_webinar" time="0.677" /><testcase classname="backend.tests.test_lancio_ai_driven.TestLancioAIDriven" name="test_get_lancio_promozione_webinar" time="0.677" /><testcase classname="backend.tests.test_lancio_ai_driven.TestLancioAIDriven" name="test_get_lancio_plan_status" time="0.669" /><testcase classname="backend.tests.test_lancio_ai_driven.TestLancioAIDriven" name="test_generate_plan_empty_body_returns_422" time="0.183" /><testcase classname="backend.tests.test_lancio_ai_driven.TestLancioAIDriven" name="test_approve_plan_works" time="0.440" /><testcase classname="backend.tests.test_lancio_ai_driven.TestLancioAIDriven" name="test_get_lancio_invalid_partner_returns_404" time="0.343" /></testsuite></testsuites>